{"synthetic": false,
 "schemaVersion": "2025-09-10",
 "outputs":
 {"o": ["c4f40231f8997131.olean"],
  "i": "5f8a7d1f69a78ca0.ilean",
  "c": "4c501a5bf5ea3a72.c"},
 "log":
 [{"message":
   ".> LEAN_PATH=/mnt/raid/home/nagyg/MyLEAN/cautious-octo-barnacle/.lake/packages/Cli/.lake/build/lib/lean:/mnt/raid/home/nagyg/MyLEAN/cautious-octo-barnacle/.lake/packages/batteries/.lake/build/lib/lean:/mnt/raid/home/nagyg/MyLEAN/cautious-octo-barnacle/.lake/packages/Qq/.lake/build/lib/lean:/mnt/raid/home/nagyg/MyLEAN/cautious-octo-barnacle/.lake/packages/aesop/.lake/build/lib/lean:/mnt/raid/home/nagyg/MyLEAN/cautious-octo-barnacle/.lake/packages/proofwidgets/.lake/build/lib/lean:/mnt/raid/home/nagyg/MyLEAN/cautious-octo-barnacle/.lake/packages/importGraph/.lake/build/lib/lean:/mnt/raid/home/nagyg/MyLEAN/cautious-octo-barnacle/.lake/packages/LeanSearchClient/.lake/build/lib/lean:/mnt/raid/home/nagyg/MyLEAN/cautious-octo-barnacle/.lake/packages/plausible/.lake/build/lib/lean:/mnt/raid/home/nagyg/MyLEAN/cautious-octo-barnacle/.lake/packages/mathlib/.lake/build/lib/lean:/mnt/raid/home/nagyg/MyLEAN/cautious-octo-barnacle/.lake/build/lib/lean /mnt/raid/home/nagyg/.elan/toolchains/leanprover--lean4---v4.28.0/bin/lean /mnt/raid/home/nagyg/MyLEAN/cautious-octo-barnacle/conjectures-mtuple-triple_count/RequestProject/DobbertinKasami/Theorem1.lean -o /mnt/raid/home/nagyg/MyLEAN/cautious-octo-barnacle/.lake/build/lib/lean/RequestProject/DobbertinKasami/Theorem1.olean -i /mnt/raid/home/nagyg/MyLEAN/cautious-octo-barnacle/.lake/build/lib/lean/RequestProject/DobbertinKasami/Theorem1.ilean -c /mnt/raid/home/nagyg/MyLEAN/cautious-octo-barnacle/.lake/build/ir/RequestProject/DobbertinKasami/Theorem1.c --setup /mnt/raid/home/nagyg/MyLEAN/cautious-octo-barnacle/.lake/build/ir/RequestProject/DobbertinKasami/Theorem1.setup.json --json",
   "level": "trace"},
  {"message":
   "conjectures-mtuple-triple_count/RequestProject/DobbertinKasami/Theorem1.lean:75:8: declaration uses `sorry`",
   "level": "warning"},
  {"message":
   "conjectures-mtuple-triple_count/RequestProject/DobbertinKasami/Theorem1.lean:112:8: declaration uses `sorry`",
   "level": "warning"}],
 "inputs":
 [["RequestProject.DobbertinKasami.Theorem1:deps",
   [["deps",
     [["RequestProject/ConjecturesMTupleTripleCount:extraDep",
       [["@RequestProject:extraDep", "00000000000006bb"]]],
      ["imports",
       [["Mathlib transitive imports (legacy)", "8fd896a9b3011bd6"],
        ["Mathlib:importAllArts", "8fc2a9ec06d95bdc"],
        ["RequestProject.DobbertinKasami.Blueprint transitive imports (legacy)",
         "12c1ba7185138d42"],
        ["RequestProject.DobbertinKasami.Blueprint:importAllArts",
         "5c81dc77eb598217"],
        ["RequestProject.DobbertinKasami.Foundations.Trace transitive imports (legacy)",
         "411fbf6a66d5b36c"],
        ["RequestProject.DobbertinKasami.Foundations.Trace:importAllArts",
         "6fdc0a8b86fbde32"],
        ["RequestProject.DobbertinKasami.Foundations.Exponent transitive imports (legacy)",
         "411fbf6a66d5b36c"],
        ["RequestProject.DobbertinKasami.Foundations.Exponent:importAllArts",
         "c6d9f5515ab271f2"],
        ["RequestProject.DobbertinKasami.KasamiPoly transitive imports (legacy)",
         "798a1ad261694eb7"],
        ["RequestProject.DobbertinKasami.KasamiPoly:importAllArts",
         "765bf3515415f765"]]]]],
    ["libs",
     [["import dynlibs", "00000000000006bb"],
      ["package external libraries", "00000000000006bb"],
      ["module dynlibs", "00000000000006bb"],
      ["module plugins", "00000000000006bb"]]]]],
  ["Lean 4.28.0, commit 7e01a1bf5c70fc6167d49c345d3bf80596e9a79b",
   "a96bc04a2e5e9630"],
  ["/mnt/raid/home/nagyg/MyLEAN/cautious-octo-barnacle/conjectures-mtuple-triple_count/RequestProject/DobbertinKasami/Theorem1.lean",
   "a77bee6f06aedaa7"],
  ["options", "00000000000006bb"],
  ["Module.leanArgs: #[]", "00000000000006bb"]],
 "depHash": "30ab4daad83725b5"}