{"synthetic": false,
 "schemaVersion": "2025-09-10",
 "outputs":
 {"o": ["7ec614501c1bd828.olean"],
  "i": "48fead776b266a34.ilean",
  "c": "87c3649c1c97a877.c"},
 "log":
 [{"message":
   ".> LEAN_PATH=/mnt/raid/home/nagyg/MyLEAN/cautious-octo-barnacle/Kasami-APN-AB/.lake/packages/Cli/.lake/build/lib/lean:/mnt/raid/home/nagyg/MyLEAN/cautious-octo-barnacle/Kasami-APN-AB/.lake/packages/batteries/.lake/build/lib/lean:/mnt/raid/home/nagyg/MyLEAN/cautious-octo-barnacle/Kasami-APN-AB/.lake/packages/Qq/.lake/build/lib/lean:/mnt/raid/home/nagyg/MyLEAN/cautious-octo-barnacle/Kasami-APN-AB/.lake/packages/aesop/.lake/build/lib/lean:/mnt/raid/home/nagyg/MyLEAN/cautious-octo-barnacle/Kasami-APN-AB/.lake/packages/proofwidgets/.lake/build/lib/lean:/mnt/raid/home/nagyg/MyLEAN/cautious-octo-barnacle/Kasami-APN-AB/.lake/packages/importGraph/.lake/build/lib/lean:/mnt/raid/home/nagyg/MyLEAN/cautious-octo-barnacle/Kasami-APN-AB/.lake/packages/LeanSearchClient/.lake/build/lib/lean:/mnt/raid/home/nagyg/MyLEAN/cautious-octo-barnacle/Kasami-APN-AB/.lake/packages/plausible/.lake/build/lib/lean:/mnt/raid/home/nagyg/MyLEAN/cautious-octo-barnacle/Kasami-APN-AB/.lake/packages/mathlib/.lake/build/lib/lean:/mnt/raid/home/nagyg/MyLEAN/cautious-octo-barnacle/Kasami-APN-AB/.lake/build/lib/lean /mnt/raid/home/nagyg/.elan/toolchains/leanprover--lean4---v4.28.0/bin/lean /mnt/raid/home/nagyg/MyLEAN/cautious-octo-barnacle/Kasami-APN-AB/RequestProject/Core/KasamiAB.lean -o /mnt/raid/home/nagyg/MyLEAN/cautious-octo-barnacle/Kasami-APN-AB/.lake/build/lib/lean/RequestProject/Core/KasamiAB.olean -i /mnt/raid/home/nagyg/MyLEAN/cautious-octo-barnacle/Kasami-APN-AB/.lake/build/lib/lean/RequestProject/Core/KasamiAB.ilean -c /mnt/raid/home/nagyg/MyLEAN/cautious-octo-barnacle/Kasami-APN-AB/.lake/build/ir/RequestProject/Core/KasamiAB.c --setup /mnt/raid/home/nagyg/MyLEAN/cautious-octo-barnacle/Kasami-APN-AB/.lake/build/ir/RequestProject/Core/KasamiAB.setup.json --json",
   "level": "trace"},
  {"message":
   "RequestProject/Core/KasamiAB.lean:125:5: unused variable `hn`\n\nNote: This linter can be disabled with `set_option linter.unusedVariables false`",
   "level": "warning"}],
 "inputs":
 [["RequestProject.Core.KasamiAB:deps",
   [["deps",
     [["RequestProject/RequestProject:extraDep",
       [["@RequestProject:extraDep", "00000000000006bb"]]],
      ["imports",
       [["RequestProject.Walsh.WalshAB transitive imports (legacy)",
         "120dbc01a82780b9"],
        ["RequestProject.Walsh.WalshAB:importAllArts", "d1a547cdd2056b57"],
        ["RequestProject.Core.KasamiEvenK transitive imports (legacy)",
         "de15e07066b03743"],
        ["RequestProject.Core.KasamiEvenK:importAllArts", "a1e2d0c577c2972a"],
        ["RequestProject.Core.CrossFormAnalysis transitive imports (legacy)",
         "24e1a0ba6c76e229"],
        ["RequestProject.Core.CrossFormAnalysis:importAllArts",
         "fc1bc26cfaee7dc5"],
        ["RequestProject.Core.KasamiWalshDiv transitive imports (legacy)",
         "9e5e684c89925578"],
        ["RequestProject.Core.KasamiWalshDiv:importAllArts",
         "523841d424396bbe"]]]]],
    ["libs",
     [["import dynlibs", "00000000000006bb"],
      ["package external libraries", "00000000000006bb"],
      ["module dynlibs", "00000000000006bb"],
      ["module plugins", "00000000000006bb"]]]]],
  ["Lean 4.28.0, commit 7e01a1bf5c70fc6167d49c345d3bf80596e9a79b",
   "a96bc04a2e5e9630"],
  ["/mnt/raid/home/nagyg/MyLEAN/cautious-octo-barnacle/Kasami-APN-AB/RequestProject/Core/KasamiAB.lean",
   "dc963d4d2724893e"],
  ["options", "00000000000006bb"],
  ["Module.leanArgs: #[]", "00000000000006bb"]],
 "depHash": "0aa52e5b2d3c33f1"}