{"synthetic": false,
 "schemaVersion": "2025-09-10",
 "outputs":
 {"o": ["3853ea2a4be9a265.olean"],
  "i": "1be9a49e73bab536.ilean",
  "c": "caed961809617769.c"},
 "log":
 [{"message":
   ".> LEAN_PATH=/mnt/raid/home/nagyg/MyLEAN/cautious-octo-barnacle/.lake/packages/Cli/.lake/build/lib/lean:/mnt/raid/home/nagyg/MyLEAN/cautious-octo-barnacle/.lake/packages/batteries/.lake/build/lib/lean:/mnt/raid/home/nagyg/MyLEAN/cautious-octo-barnacle/.lake/packages/Qq/.lake/build/lib/lean:/mnt/raid/home/nagyg/MyLEAN/cautious-octo-barnacle/.lake/packages/aesop/.lake/build/lib/lean:/mnt/raid/home/nagyg/MyLEAN/cautious-octo-barnacle/.lake/packages/proofwidgets/.lake/build/lib/lean:/mnt/raid/home/nagyg/MyLEAN/cautious-octo-barnacle/.lake/packages/importGraph/.lake/build/lib/lean:/mnt/raid/home/nagyg/MyLEAN/cautious-octo-barnacle/.lake/packages/LeanSearchClient/.lake/build/lib/lean:/mnt/raid/home/nagyg/MyLEAN/cautious-octo-barnacle/.lake/packages/plausible/.lake/build/lib/lean:/mnt/raid/home/nagyg/MyLEAN/cautious-octo-barnacle/.lake/packages/mathlib/.lake/build/lib/lean:/mnt/raid/home/nagyg/MyLEAN/cautious-octo-barnacle/.lake/build/lib/lean /mnt/raid/home/nagyg/.elan/toolchains/leanprover--lean4---v4.28.0/bin/lean /mnt/raid/home/nagyg/MyLEAN/cautious-octo-barnacle/conjectures-mtuple-triple_count/RequestProject/Foundations/FirstPrinciples/Transcribe/GrossKoblitzStatement.lean -o /mnt/raid/home/nagyg/MyLEAN/cautious-octo-barnacle/.lake/build/lib/lean/RequestProject/Foundations/FirstPrinciples/Transcribe/GrossKoblitzStatement.olean -i /mnt/raid/home/nagyg/MyLEAN/cautious-octo-barnacle/.lake/build/lib/lean/RequestProject/Foundations/FirstPrinciples/Transcribe/GrossKoblitzStatement.ilean -c /mnt/raid/home/nagyg/MyLEAN/cautious-octo-barnacle/.lake/build/ir/RequestProject/Foundations/FirstPrinciples/Transcribe/GrossKoblitzStatement.c --setup /mnt/raid/home/nagyg/MyLEAN/cautious-octo-barnacle/.lake/build/ir/RequestProject/Foundations/FirstPrinciples/Transcribe/GrossKoblitzStatement.setup.json --json",
   "level": "trace"},
  {"message":
   "conjectures-mtuple-triple_count/RequestProject/Foundations/FirstPrinciples/Transcribe/GrossKoblitzStatement.lean:76:104: This simp argument is unused:\n  ← mul_assoc\n\nHint: Omit it from the simp argument list.\n  simp_all +decide [̵ ̵←̵ ̵m̵u̵l̵_̵a̵s̵s̵o̵c̵,̵ ̵←̵ ̵e̵q̵_̵s̵u̵b̵_̵i̵f̵f̵_̵a̵d̵d̵_̵e̵q̵'̵ ̵]̵[̲←̲\n  ̲ ̲ ̲ ̲ ̲ ̲ ̲e̲q̲_̲s̲u̲b̲_̲i̲f̲f̲_̲a̲d̲d̲_̲e̲q̲'̲]̲\n\nNote: Simp arguments with `←` have the additional effect of removing the other direction from the simp set, even if the simp argument itself is unused. If the hint above does not work, try replacing `←` with `-` to only get that effect and silence this warning.\n\nNote: This linter can be disabled with `set_option linter.unusedSimpArgs false`",
   "level": "warning"},
  {"message":
   "conjectures-mtuple-triple_count/RequestProject/Foundations/FirstPrinciples/Transcribe/GrossKoblitzStatement.lean:76:117: This simp argument is unused:\n  ← eq_sub_iff_add_eq'\n\nHint: Omit it from the simp argument list.\n  simp_all +decide [̵ ̵←̵ ̵m̵u̵l̵_̵a̵s̵s̵o̵c̵,̵ ̵←̵ ̵e̵q̵_̵s̵u̵b̵_̵i̵f̵f̵_̵a̵d̵d̵_̵e̵q̵'̵ ̵]̵[̲←̲\n  ̲ ̲ ̲ ̲ ̲ ̲ ̲m̲u̲l̲_̲a̲s̲s̲o̲c̲]̲\n\nNote: Simp arguments with `←` have the additional effect of removing the other direction from the simp set, even if the simp argument itself is unused. If the hint above does not work, try replacing `←` with `-` to only get that effect and silence this warning.\n\nNote: This linter can be disabled with `set_option linter.unusedSimpArgs false`",
   "level": "warning"},
  {"message":
   "conjectures-mtuple-triple_count/RequestProject/Foundations/FirstPrinciples/Transcribe/GrossKoblitzStatement.lean:85:25: This simp argument is unused:\n  mul_assoc\n\nHint: Omit it from the simp argument list.\n  simp_all +decide [̵ ̵m̵u̵l̵_̵a̵s̵s̵o̵c̵,̵ ̵m̵u̵l̵_̵c̵o̵m̵m̵,̵ ̵m̵u̵l̵_̵l̵e̵f̵t̵_̵c̵o̵m̵m̵ ̵]̵[̲m̲u̲l̲_̲c̲o̲m̲m̲,̲ ̲m̲u̲l̲_̲l̲e̲f̲t̲_̲c̲o̲m̲m̲]̲\n\nNote: This linter can be disabled with `set_option linter.unusedSimpArgs false`",
   "level": "warning"},
  {"message":
   "conjectures-mtuple-triple_count/RequestProject/Foundations/FirstPrinciples/Transcribe/GrossKoblitzStatement.lean:85:46: This simp argument is unused:\n  mul_left_comm\n\nHint: Omit it from the simp argument list.\n  simp_all +decide [̵ ̵m̵u̵l̵_̵a̵s̵s̵o̵c̵,̵ ̵m̵u̵l̵_̵c̵o̵m̵m̵,̵ ̵m̵u̵l̵_̵l̵e̵f̵t̵_̵c̵o̵m̵m̵ ̵]̵[̲m̲u̲l̲_̲a̲s̲s̲o̲c̲,̲ ̲m̲u̲l̲_̲c̲o̲m̲m̲]̲\n\nNote: This linter can be disabled with `set_option linter.unusedSimpArgs false`",
   "level": "warning"},
  {"message":
   "conjectures-mtuple-triple_count/RequestProject/Foundations/FirstPrinciples/Transcribe/GrossKoblitzStatement.lean:92:33: This simp argument is unused:\n  zpow_ofNat\n\nHint: Omit it from the simp argument list.\n  simp_all +decide [̵ ̵z̵p̵o̵w̵_̵n̵e̵g̵,̵ ̵z̵p̵o̵w̵_̵o̵f̵N̵a̵t̵ ̵]̵[̲z̲p̲o̲w̲_̲n̲e̲g̲]̲\n\nNote: This linter can be disabled with `set_option linter.unusedSimpArgs false`",
   "level": "warning"}],
 "inputs":
 [["RequestProject.Foundations.FirstPrinciples.Transcribe.GrossKoblitzStatement:deps",
   [["deps",
     [["RequestProject/ConjecturesMTupleTripleCount:extraDep",
       [["@RequestProject:extraDep", "00000000000006bb"]]],
      ["imports",
       [["Mathlib transitive imports (legacy)", "8fd896a9b3011bd6"],
        ["Mathlib:importAllArts", "8fc2a9ec06d95bdc"],
        ["RequestProject.Foundations.FirstPrinciples.Decomp.PadicGammaDecomp transitive imports (legacy)",
         "bc9107dae5b986af"],
        ["RequestProject.Foundations.FirstPrinciples.Decomp.PadicGammaDecomp:importAllArts",
         "cbafcf7953b7dde5"]]]]],
    ["libs",
     [["import dynlibs", "00000000000006bb"],
      ["package external libraries", "00000000000006bb"],
      ["module dynlibs", "00000000000006bb"],
      ["module plugins", "00000000000006bb"]]]]],
  ["Lean 4.28.0, commit 7e01a1bf5c70fc6167d49c345d3bf80596e9a79b",
   "a96bc04a2e5e9630"],
  ["/mnt/raid/home/nagyg/MyLEAN/cautious-octo-barnacle/conjectures-mtuple-triple_count/RequestProject/Foundations/FirstPrinciples/Transcribe/GrossKoblitzStatement.lean",
   "a0f319386162bed8"],
  ["options", "00000000000006bb"],
  ["Module.leanArgs: #[]", "00000000000006bb"]],
 "depHash": "642a494e992d4bf0"}