{"synthetic": false,
 "schemaVersion": "2025-09-10",
 "outputs":
 {"o": ["cb8d10a3975ba870.olean"],
  "i": "1f6e5cf31fe70996.ilean",
  "c": "88d11d7a2255caf6.c"},
 "log":
 [{"message":
   ".> LEAN_PATH=/mnt/raid/home/nagyg/MyLEAN/cautious-octo-barnacle/.lake/packages/Cli/.lake/build/lib/lean:/mnt/raid/home/nagyg/MyLEAN/cautious-octo-barnacle/.lake/packages/batteries/.lake/build/lib/lean:/mnt/raid/home/nagyg/MyLEAN/cautious-octo-barnacle/.lake/packages/Qq/.lake/build/lib/lean:/mnt/raid/home/nagyg/MyLEAN/cautious-octo-barnacle/.lake/packages/aesop/.lake/build/lib/lean:/mnt/raid/home/nagyg/MyLEAN/cautious-octo-barnacle/.lake/packages/proofwidgets/.lake/build/lib/lean:/mnt/raid/home/nagyg/MyLEAN/cautious-octo-barnacle/.lake/packages/importGraph/.lake/build/lib/lean:/mnt/raid/home/nagyg/MyLEAN/cautious-octo-barnacle/.lake/packages/LeanSearchClient/.lake/build/lib/lean:/mnt/raid/home/nagyg/MyLEAN/cautious-octo-barnacle/.lake/packages/plausible/.lake/build/lib/lean:/mnt/raid/home/nagyg/MyLEAN/cautious-octo-barnacle/.lake/packages/mathlib/.lake/build/lib/lean:/mnt/raid/home/nagyg/MyLEAN/cautious-octo-barnacle/.lake/build/lib/lean /mnt/raid/home/nagyg/.elan/toolchains/leanprover--lean4---v4.28.0/bin/lean /mnt/raid/home/nagyg/MyLEAN/cautious-octo-barnacle/conjectures-mtuple-triple_count/RequestProject/Foundations/FirstPrinciples/Transcribe/MulCharDual.lean -o /mnt/raid/home/nagyg/MyLEAN/cautious-octo-barnacle/.lake/build/lib/lean/RequestProject/Foundations/FirstPrinciples/Transcribe/MulCharDual.olean -i /mnt/raid/home/nagyg/MyLEAN/cautious-octo-barnacle/.lake/build/lib/lean/RequestProject/Foundations/FirstPrinciples/Transcribe/MulCharDual.ilean -c /mnt/raid/home/nagyg/MyLEAN/cautious-octo-barnacle/.lake/build/ir/RequestProject/Foundations/FirstPrinciples/Transcribe/MulCharDual.c --setup /mnt/raid/home/nagyg/MyLEAN/cautious-octo-barnacle/.lake/build/ir/RequestProject/Foundations/FirstPrinciples/Transcribe/MulCharDual.setup.json --json",
   "level": "trace"},
  {"message":
   "conjectures-mtuple-triple_count/RequestProject/Foundations/FirstPrinciples/Transcribe/MulCharDual.lean:48:58: This simp argument is unused:\n  Fintype.card_subtype\n\nHint: Omit it from the simp argument list.\n  simp_all +decide ̵[̵ ̵F̵i̵n̵t̵y̵p̵e̵.̵c̵a̵r̵d̵_̵s̵u̵b̵t̵y̵p̵e̵ ̵]̵\n\nNote: This linter can be disabled with `set_option linter.unusedSimpArgs false`",
   "level": "warning"},
  {"message":
   "conjectures-mtuple-triple_count/RequestProject/Foundations/FirstPrinciples/Transcribe/MulCharDual.lean:67:45: unused variable `hm`\n\nNote: This linter can be disabled with `set_option linter.unusedVariables false`",
   "level": "warning"},
  {"message":
   "conjectures-mtuple-triple_count/RequestProject/Foundations/FirstPrinciples/Transcribe/MulCharDual.lean:81:21: This simp argument is unused:\n  funext_iff\n\nHint: Omit it from the simp argument list.\n  simp +decide [̵ ̵f̵u̵n̵e̵x̵t̵_̵i̵f̵f̵,̵ ̵M̵u̵l̵C̵h̵a̵r̵.̵e̵x̵t̵_̵i̵f̵f̵ ̵]̵[̲M̲u̲l̲C̲h̲a̲r̲.̲e̲x̲t̲_̲i̲f̲f̲]̲\n\nNote: This linter can be disabled with `set_option linter.unusedSimpArgs false`",
   "level": "warning"},
  {"message":
   "conjectures-mtuple-triple_count/RequestProject/Foundations/FirstPrinciples/Transcribe/MulCharDual.lean:82:53: This simp argument is unused:\n  pow_mul\n\nHint: Omit it from the simp argument list.\n  simp_all +decide [̵ ̵p̵o̵w̵_̵m̵u̵l̵,̵ ̵M̵u̵l̵C̵h̵a̵r̵.̵p̵o̵w̵_̵a̵p̵p̵l̵y̵_̵c̵o̵e̵ ̵]̵[̲M̲u̲l̲C̲h̲a̲r̲.̲p̲o̲w̲_̲a̲p̲p̲l̲y̲_̲c̲o̲e̲]̲\n\nNote: This linter can be disabled with `set_option linter.unusedSimpArgs false`",
   "level": "warning"},
  {"message":
   "conjectures-mtuple-triple_count/RequestProject/Foundations/FirstPrinciples/Transcribe/MulCharDual.lean:83:62: This simp argument is unused:\n  pow_mul\n\nHint: Omit it from the simp argument list.\n  simp_all +decide [̵ ̵p̵o̵w̵_̵m̵u̵l̵,̵ ̵M̵u̵l̵C̵h̵a̵r̵.̵p̵o̵w̵_̵a̵p̵p̵l̵y̵_̵c̵o̵e̵ ̵]̵[̲M̲u̲l̲C̲h̲a̲r̲.̲p̲o̲w̲_̲a̲p̲p̲l̲y̲_̲c̲o̲e̲]̲\n\nNote: This linter can be disabled with `set_option linter.unusedSimpArgs false`",
   "level": "warning"},
  {"message":
   "conjectures-mtuple-triple_count/RequestProject/Foundations/FirstPrinciples/Transcribe/MulCharDual.lean:83:71: This simp argument is unused:\n  MulChar.pow_apply_coe\n\nHint: Omit it from the simp argument list.\n  simp_all +decide [̵ ̵p̵o̵w̵_̵m̵u̵l̵,̵ ̵M̵u̵l̵C̵h̵a̵r̵.̵p̵o̵w̵_̵a̵p̵p̵l̵y̵_̵c̵o̵e̵ ̵]̵[̲p̲o̲w̲_̲m̲u̲l̲]̲\n\nNote: This linter can be disabled with `set_option linter.unusedSimpArgs false`",
   "level": "warning"},
  {"message":
   "conjectures-mtuple-triple_count/RequestProject/Foundations/FirstPrinciples/Transcribe/MulCharDual.lean:96:37: This simp argument is unused:\n  ← Int.add_emod\n\nHint: Omit it from the simp argument list.\n  simp +decide [̵ ̵←̵[̲←̲ Int.mul_emod,\n  ̲  ̲ ̲ ̲ ̲ ̲ ̲ ̲←̵ ̵I̵n̵t̵.̵a̵d̵d̵_̵e̵m̵o̵d̵,̵ ̵Int.emod_nonneg _\n  ̲  ̲ ̲ ̲ ̲ ̲ ̲ ̲ ̲ ̲ ̲ ̲(̵ ̵s̵h̵o̵w̵ ̵(̵ ̵F̵i̵n̵t̵y̵p̵e̵.̵c̵a̵r̵d̵(̲s̲h̲o̲w̲ ̲(̲F̲i̲n̲t̲y̲p̲e̲.̲c̲a̲r̲d̲ F - 1 : ℤ̵ ̵)̵ℤ̲)̲ ≠ 0 from\n  ̲  ̲ ̲ ̲ ̲ ̲ ̲ ̲ ̲ ̲ ̲ ̲ ̲ ̲sub_ne_zero_of_ne <| mod_cast ne_of_gt <| F̵i̵n̵t̵y̵p̵e̵.̵o̵n̵e̵_̵l̵t̵_̵c̵a̵r̵d̵ ̵)̵ ̵]̵F̲i̲n̲t̲y̲p̲e̲.̲o̲n̲e̲_̲l̲t̲_̲c̲a̲r̲d̲)̲]̲\n\nNote: Simp arguments with `←` have the additional effect of removing the other direction from the simp set, even if the simp argument itself is unused. If the hint above does not work, try replacing `←` with `-` to only get that effect and silence this warning.\n\nNote: This linter can be disabled with `set_option linter.unusedSimpArgs false`",
   "level": "warning"},
  {"message":
   "conjectures-mtuple-triple_count/RequestProject/Foundations/FirstPrinciples/Transcribe/MulCharDual.lean:100:89: This simp argument is unused:\n  pow_orderOf_eq_one\n\nHint: Omit it from the simp argument list.\n  simp +decide [̵ ̵p̵o̵w̵_̵a̵d̵d̵,̵ ̵p̵o̵w̵_̵m̵u̵l̵,̵ ̵p̵o̵w̵_̵o̵r̵d̵e̵r̵O̵f̵_̵e̵q̵_̵o̵n̵e̵ ̵]̵[̲p̲o̲w̲_̲a̲d̲d̲,̲ ̲p̲o̲w̲_̲m̲u̲l̲]̲\n\nNote: This linter can be disabled with `set_option linter.unusedSimpArgs false`",
   "level": "warning"},
  {"message":
   "conjectures-mtuple-triple_count/RequestProject/Foundations/FirstPrinciples/Transcribe/MulCharDual.lean:104:73: This simp argument is unused:\n  pow_mul\n\nHint: Omit it from the simp argument list.\n  simp_all +decide [̵ ̵p̵o̵w̵_̵m̵u̵l̵,̵ ̵p̵o̵w̵_̵o̵r̵d̵e̵r̵O̵f̵_̵e̵q̵_̵o̵n̵e̵ ̵]̵[̲p̲o̲w̲_̲o̲r̲d̲e̲r̲O̲f̲_̲e̲q̲_̲o̲n̲e̲]̲\n\nNote: This linter can be disabled with `set_option linter.unusedSimpArgs false`",
   "level": "warning"},
  {"message":
   "conjectures-mtuple-triple_count/RequestProject/Foundations/FirstPrinciples/Transcribe/MulCharDual.lean:104:82: This simp argument is unused:\n  pow_orderOf_eq_one\n\nHint: Omit it from the simp argument list.\n  simp_all +decide [̵ ̵p̵o̵w̵_̵m̵u̵l̵,̵ ̵p̵o̵w̵_̵o̵r̵d̵e̵r̵O̵f̵_̵e̵q̵_̵o̵n̵e̵ ̵]̵[̲p̲o̲w̲_̲m̲u̲l̲]̲\n\nNote: This linter can be disabled with `set_option linter.unusedSimpArgs false`",
   "level": "warning"}],
 "inputs":
 [["RequestProject.Foundations.FirstPrinciples.Transcribe.MulCharDual:deps",
   [["deps",
     [["RequestProject/ConjecturesMTupleTripleCount:extraDep",
       [["@RequestProject:extraDep", "00000000000006bb"]]],
      ["imports",
       [["Mathlib transitive imports (legacy)", "8fd896a9b3011bd6"],
        ["Mathlib:importAllArts", "8fc2a9ec06d95bdc"]]]]],
    ["libs",
     [["import dynlibs", "00000000000006bb"],
      ["package external libraries", "00000000000006bb"],
      ["module dynlibs", "00000000000006bb"],
      ["module plugins", "00000000000006bb"]]]]],
  ["Lean 4.28.0, commit 7e01a1bf5c70fc6167d49c345d3bf80596e9a79b",
   "a96bc04a2e5e9630"],
  ["/mnt/raid/home/nagyg/MyLEAN/cautious-octo-barnacle/conjectures-mtuple-triple_count/RequestProject/Foundations/FirstPrinciples/Transcribe/MulCharDual.lean",
   "9a35d2cb3db9ae92"],
  ["options", "00000000000006bb"],
  ["Module.leanArgs: #[]", "00000000000006bb"]],
 "depHash": "f68ddb246b5cce74"}