{"synthetic": false,
 "schemaVersion": "2025-09-10",
 "outputs":
 {"o": ["116d2b68d5b9de8b.olean"],
  "i": "fdf9a247be3afd2e.ilean",
  "c": "12cebebcd6232ca3.c"},
 "log":
 [{"message":
   ".> LEAN_PATH=/mnt/raid/home/nagyg/MyLEAN/cautious-octo-barnacle/.lake/packages/Cli/.lake/build/lib/lean:/mnt/raid/home/nagyg/MyLEAN/cautious-octo-barnacle/.lake/packages/batteries/.lake/build/lib/lean:/mnt/raid/home/nagyg/MyLEAN/cautious-octo-barnacle/.lake/packages/Qq/.lake/build/lib/lean:/mnt/raid/home/nagyg/MyLEAN/cautious-octo-barnacle/.lake/packages/aesop/.lake/build/lib/lean:/mnt/raid/home/nagyg/MyLEAN/cautious-octo-barnacle/.lake/packages/proofwidgets/.lake/build/lib/lean:/mnt/raid/home/nagyg/MyLEAN/cautious-octo-barnacle/.lake/packages/importGraph/.lake/build/lib/lean:/mnt/raid/home/nagyg/MyLEAN/cautious-octo-barnacle/.lake/packages/LeanSearchClient/.lake/build/lib/lean:/mnt/raid/home/nagyg/MyLEAN/cautious-octo-barnacle/.lake/packages/plausible/.lake/build/lib/lean:/mnt/raid/home/nagyg/MyLEAN/cautious-octo-barnacle/.lake/packages/mathlib/.lake/build/lib/lean:/mnt/raid/home/nagyg/MyLEAN/cautious-octo-barnacle/.lake/build/lib/lean /mnt/raid/home/nagyg/.elan/toolchains/leanprover--lean4---v4.28.0/bin/lean /mnt/raid/home/nagyg/MyLEAN/cautious-octo-barnacle/conjectures-mtuple-triple_count/RequestProject/Foundations/FirstPrinciples/Transcribe/TraceMonomial.lean -o /mnt/raid/home/nagyg/MyLEAN/cautious-octo-barnacle/.lake/build/lib/lean/RequestProject/Foundations/FirstPrinciples/Transcribe/TraceMonomial.olean -i /mnt/raid/home/nagyg/MyLEAN/cautious-octo-barnacle/.lake/build/lib/lean/RequestProject/Foundations/FirstPrinciples/Transcribe/TraceMonomial.ilean -c /mnt/raid/home/nagyg/MyLEAN/cautious-octo-barnacle/.lake/build/ir/RequestProject/Foundations/FirstPrinciples/Transcribe/TraceMonomial.c --setup /mnt/raid/home/nagyg/MyLEAN/cautious-octo-barnacle/.lake/build/ir/RequestProject/Foundations/FirstPrinciples/Transcribe/TraceMonomial.setup.json --json",
   "level": "trace"},
  {"message":
   "conjectures-mtuple-triple_count/RequestProject/Foundations/FirstPrinciples/Transcribe/TraceMonomial.lean:125:8: declaration uses `sorry`",
   "level": "warning"}],
 "inputs":
 [["RequestProject.Foundations.FirstPrinciples.Transcribe.TraceMonomial:deps",
   [["deps",
     [["RequestProject/ConjecturesMTupleTripleCount:extraDep",
       [["@RequestProject:extraDep", "00000000000006bb"]]],
      ["imports",
       [["Mathlib transitive imports (legacy)", "8fd896a9b3011bd6"],
        ["Mathlib:importAllArts", "8fc2a9ec06d95bdc"],
        ["RequestProject.Foundations.ChiBridge transitive imports (legacy)",
         "4acfce0ce8768a38"],
        ["RequestProject.Foundations.ChiBridge:importAllArts",
         "3744649d1f328602"],
        ["RequestProject.Foundations.FirstPrinciples.Transcribe.MonomialGaussExpansion transitive imports (legacy)",
         "441025c6fee41643"],
        ["RequestProject.Foundations.FirstPrinciples.Transcribe.MonomialGaussExpansion:importAllArts",
         "69fd9551e38e1807"],
        ["RequestProject.MTuple.Count transitive imports (legacy)",
         "1d6b0b40c6d03798"],
        ["RequestProject.MTuple.Count:importAllArts", "889e19caa1708bf7"],
        ["RequestProject.APN.Defs transitive imports (legacy)",
         "12c1ba7185138d42"],
        ["RequestProject.APN.Defs:importAllArts", "ec6a267bf828dbc0"]]]]],
    ["libs",
     [["import dynlibs", "00000000000006bb"],
      ["package external libraries", "00000000000006bb"],
      ["module dynlibs", "00000000000006bb"],
      ["module plugins", "00000000000006bb"]]]]],
  ["Lean 4.28.0, commit 7e01a1bf5c70fc6167d49c345d3bf80596e9a79b",
   "a96bc04a2e5e9630"],
  ["/mnt/raid/home/nagyg/MyLEAN/cautious-octo-barnacle/conjectures-mtuple-triple_count/RequestProject/Foundations/FirstPrinciples/Transcribe/TraceMonomial.lean",
   "188a0a981896667b"],
  ["options", "00000000000006bb"],
  ["Module.leanArgs: #[]", "00000000000006bb"]],
 "depHash": "d1ce098742df95fc"}