{"synthetic": false,
 "schemaVersion": "2025-09-10",
 "outputs":
 {"o": ["82101f3b4f9cd4cc.olean"],
  "i": "42573edcc1480fb3.ilean",
  "c": "6a4886167f694652.c"},
 "log":
 [{"message":
   ".> LEAN_PATH=/mnt/raid/home/nagyg/MyLEAN/cautious-octo-barnacle/Kasami-is-APN-AB-mTuple/.lake/packages/Cli/.lake/build/lib/lean:/mnt/raid/home/nagyg/MyLEAN/cautious-octo-barnacle/Kasami-is-APN-AB-mTuple/.lake/packages/batteries/.lake/build/lib/lean:/mnt/raid/home/nagyg/MyLEAN/cautious-octo-barnacle/Kasami-is-APN-AB-mTuple/.lake/packages/Qq/.lake/build/lib/lean:/mnt/raid/home/nagyg/MyLEAN/cautious-octo-barnacle/Kasami-is-APN-AB-mTuple/.lake/packages/aesop/.lake/build/lib/lean:/mnt/raid/home/nagyg/MyLEAN/cautious-octo-barnacle/Kasami-is-APN-AB-mTuple/.lake/packages/proofwidgets/.lake/build/lib/lean:/mnt/raid/home/nagyg/MyLEAN/cautious-octo-barnacle/Kasami-is-APN-AB-mTuple/.lake/packages/importGraph/.lake/build/lib/lean:/mnt/raid/home/nagyg/MyLEAN/cautious-octo-barnacle/Kasami-is-APN-AB-mTuple/.lake/packages/LeanSearchClient/.lake/build/lib/lean:/mnt/raid/home/nagyg/MyLEAN/cautious-octo-barnacle/Kasami-is-APN-AB-mTuple/.lake/packages/plausible/.lake/build/lib/lean:/mnt/raid/home/nagyg/MyLEAN/cautious-octo-barnacle/Kasami-is-APN-AB-mTuple/.lake/packages/mathlib/.lake/build/lib/lean:/mnt/raid/home/nagyg/MyLEAN/cautious-octo-barnacle/Kasami-is-APN-AB-mTuple/.lake/build/lib/lean /mnt/raid/home/nagyg/.elan/toolchains/leanprover--lean4---v4.28.0/bin/lean /mnt/raid/home/nagyg/MyLEAN/cautious-octo-barnacle/Kasami-is-APN-AB-mTuple/RequestProject/Kasami/AutocorrQuad.lean -o /mnt/raid/home/nagyg/MyLEAN/cautious-octo-barnacle/Kasami-is-APN-AB-mTuple/.lake/build/lib/lean/RequestProject/Kasami/AutocorrQuad.olean -i /mnt/raid/home/nagyg/MyLEAN/cautious-octo-barnacle/Kasami-is-APN-AB-mTuple/.lake/build/lib/lean/RequestProject/Kasami/AutocorrQuad.ilean -c /mnt/raid/home/nagyg/MyLEAN/cautious-octo-barnacle/Kasami-is-APN-AB-mTuple/.lake/build/ir/RequestProject/Kasami/AutocorrQuad.c --setup /mnt/raid/home/nagyg/MyLEAN/cautious-octo-barnacle/Kasami-is-APN-AB-mTuple/.lake/build/ir/RequestProject/Kasami/AutocorrQuad.setup.json --json",
   "level": "trace"}],
 "inputs":
 [["RequestProject.Kasami.AutocorrQuad:deps",
   [["deps",
     [["RequestProject/RequestProject:extraDep",
       [["@RequestProject:extraDep", "00000000000006bb"]]],
      ["imports",
       [["RequestProject.Walsh.Divisibility transitive imports (legacy)",
         "64160510fdd0b158"],
        ["RequestProject.Walsh.Divisibility:importAllArts", "56c1b65aa77edf67"],
        ["RequestProject.Kasami.Defs transitive imports (legacy)",
         "12c1ba7185138d42"],
        ["RequestProject.Kasami.Defs:importAllArts", "96f11054d4d7befd"],
        ["Mathlib transitive imports (legacy)", "8fd896a9b3011bd6"],
        ["Mathlib:importAllArts", "8fc2a9ec06d95bdc"]]]]],
    ["libs",
     [["import dynlibs", "00000000000006bb"],
      ["package external libraries", "00000000000006bb"],
      ["module dynlibs", "00000000000006bb"],
      ["module plugins", "00000000000006bb"]]]]],
  ["Lean 4.28.0, commit 7e01a1bf5c70fc6167d49c345d3bf80596e9a79b",
   "a96bc04a2e5e9630"],
  ["/mnt/raid/home/nagyg/MyLEAN/cautious-octo-barnacle/Kasami-is-APN-AB-mTuple/RequestProject/Kasami/AutocorrQuad.lean",
   "db753361b165a5d7"],
  ["options", "00000000000006bb"],
  ["Module.leanArgs: #[]", "00000000000006bb"]],
 "depHash": "feb951346206cca3"}