{"synthetic": false,
 "schemaVersion": "2025-09-10",
 "outputs":
 {"o": ["916ec4c0b02cb5d0.olean"],
  "i": "58bf23209356c5b1.ilean",
  "c": "0f9938e535f1d203.c"},
 "log":
 [{"message":
   ".> LEAN_PATH=/mnt/raid/home/nagyg/MyLEAN/cautious-octo-barnacle/Kasami-is-APN-AB-mTuple/.lake/packages/Cli/.lake/build/lib/lean:/mnt/raid/home/nagyg/MyLEAN/cautious-octo-barnacle/Kasami-is-APN-AB-mTuple/.lake/packages/batteries/.lake/build/lib/lean:/mnt/raid/home/nagyg/MyLEAN/cautious-octo-barnacle/Kasami-is-APN-AB-mTuple/.lake/packages/Qq/.lake/build/lib/lean:/mnt/raid/home/nagyg/MyLEAN/cautious-octo-barnacle/Kasami-is-APN-AB-mTuple/.lake/packages/aesop/.lake/build/lib/lean:/mnt/raid/home/nagyg/MyLEAN/cautious-octo-barnacle/Kasami-is-APN-AB-mTuple/.lake/packages/proofwidgets/.lake/build/lib/lean:/mnt/raid/home/nagyg/MyLEAN/cautious-octo-barnacle/Kasami-is-APN-AB-mTuple/.lake/packages/importGraph/.lake/build/lib/lean:/mnt/raid/home/nagyg/MyLEAN/cautious-octo-barnacle/Kasami-is-APN-AB-mTuple/.lake/packages/LeanSearchClient/.lake/build/lib/lean:/mnt/raid/home/nagyg/MyLEAN/cautious-octo-barnacle/Kasami-is-APN-AB-mTuple/.lake/packages/plausible/.lake/build/lib/lean:/mnt/raid/home/nagyg/MyLEAN/cautious-octo-barnacle/Kasami-is-APN-AB-mTuple/.lake/packages/mathlib/.lake/build/lib/lean:/mnt/raid/home/nagyg/MyLEAN/cautious-octo-barnacle/Kasami-is-APN-AB-mTuple/.lake/build/lib/lean /mnt/raid/home/nagyg/.elan/toolchains/leanprover--lean4---v4.28.0/bin/lean /mnt/raid/home/nagyg/MyLEAN/cautious-octo-barnacle/Kasami-is-APN-AB-mTuple/RequestProject/Kasami/CharTwoBasics.lean -o /mnt/raid/home/nagyg/MyLEAN/cautious-octo-barnacle/Kasami-is-APN-AB-mTuple/.lake/build/lib/lean/RequestProject/Kasami/CharTwoBasics.olean -i /mnt/raid/home/nagyg/MyLEAN/cautious-octo-barnacle/Kasami-is-APN-AB-mTuple/.lake/build/lib/lean/RequestProject/Kasami/CharTwoBasics.ilean -c /mnt/raid/home/nagyg/MyLEAN/cautious-octo-barnacle/Kasami-is-APN-AB-mTuple/.lake/build/ir/RequestProject/Kasami/CharTwoBasics.c --setup /mnt/raid/home/nagyg/MyLEAN/cautious-octo-barnacle/Kasami-is-APN-AB-mTuple/.lake/build/ir/RequestProject/Kasami/CharTwoBasics.setup.json --json",
   "level": "trace"},
  {"message":
   "RequestProject/Kasami/CharTwoBasics.lean:51:0: automatically included section variable(s) unused in theorem `CollisionAnalysis.L_add`:\n  [Fintype F]\n  [DecidableEq F]\nconsider restructuring your `variable` declarations so that the variables are not in scope or explicitly omit them:\n  omit [Fintype F] [DecidableEq F] in theorem ...\n\nNote: This linter can be disabled with `set_option linter.unusedSectionVars false`",
   "level": "warning"},
  {"message":
   "RequestProject/Kasami/CharTwoBasics.lean:55:0: automatically included section variable(s) unused in theorem `CollisionAnalysis.L_zero`:\n  [CharP F 2]\nconsider restructuring your `variable` declarations so that the variables are not in scope or explicitly omit them:\n  omit [CharP F 2] in theorem ...\n\nNote: This linter can be disabled with `set_option linter.unusedSectionVars false`",
   "level": "warning"},
  {"message":
   "RequestProject/Kasami/CharTwoBasics.lean:73:0: automatically included section variable(s) unused in theorem `CollisionAnalysis.cross_add`:\n  [Fintype F]\n  [DecidableEq F]\nconsider restructuring your `variable` declarations so that the variables are not in scope or explicitly omit them:\n  omit [Fintype F] [DecidableEq F] in theorem ...\n\nNote: This linter can be disabled with `set_option linter.unusedSectionVars false`",
   "level": "warning"}],
 "inputs":
 [["RequestProject.Kasami.CharTwoBasics:deps",
   [["deps",
     [["RequestProject/RequestProject:extraDep",
       [["@RequestProject:extraDep", "00000000000006bb"]]],
      ["imports",
       [["RequestProject.Kasami.Defs transitive imports (legacy)",
         "12c1ba7185138d42"],
        ["RequestProject.Kasami.Defs:importAllArts", "96f11054d4d7befd"]]]]],
    ["libs",
     [["import dynlibs", "00000000000006bb"],
      ["package external libraries", "00000000000006bb"],
      ["module dynlibs", "00000000000006bb"],
      ["module plugins", "00000000000006bb"]]]]],
  ["Lean 4.28.0, commit 7e01a1bf5c70fc6167d49c345d3bf80596e9a79b",
   "a96bc04a2e5e9630"],
  ["/mnt/raid/home/nagyg/MyLEAN/cautious-octo-barnacle/Kasami-is-APN-AB-mTuple/RequestProject/Kasami/CharTwoBasics.lean",
   "0c0f64df5ac1a018"],
  ["options", "00000000000006bb"],
  ["Module.leanArgs: #[]", "00000000000006bb"]],
 "depHash": "0aaf5ebc669fd0c9"}