{"synthetic": false,
 "schemaVersion": "2025-09-10",
 "outputs":
 {"o": ["524fec60048cd077.olean"],
  "i": "852fd3d697d1c63c.ilean",
  "c": "7401dec49f51bdf0.c"},
 "log":
 [{"message":
   ".> LEAN_PATH=/mnt/raid/home/nagyg/MyLEAN/cautious-octo-barnacle/Kasami-APN-AB/.lake/packages/Cli/.lake/build/lib/lean:/mnt/raid/home/nagyg/MyLEAN/cautious-octo-barnacle/Kasami-APN-AB/.lake/packages/batteries/.lake/build/lib/lean:/mnt/raid/home/nagyg/MyLEAN/cautious-octo-barnacle/Kasami-APN-AB/.lake/packages/Qq/.lake/build/lib/lean:/mnt/raid/home/nagyg/MyLEAN/cautious-octo-barnacle/Kasami-APN-AB/.lake/packages/aesop/.lake/build/lib/lean:/mnt/raid/home/nagyg/MyLEAN/cautious-octo-barnacle/Kasami-APN-AB/.lake/packages/proofwidgets/.lake/build/lib/lean:/mnt/raid/home/nagyg/MyLEAN/cautious-octo-barnacle/Kasami-APN-AB/.lake/packages/importGraph/.lake/build/lib/lean:/mnt/raid/home/nagyg/MyLEAN/cautious-octo-barnacle/Kasami-APN-AB/.lake/packages/LeanSearchClient/.lake/build/lib/lean:/mnt/raid/home/nagyg/MyLEAN/cautious-octo-barnacle/Kasami-APN-AB/.lake/packages/plausible/.lake/build/lib/lean:/mnt/raid/home/nagyg/MyLEAN/cautious-octo-barnacle/Kasami-APN-AB/.lake/packages/mathlib/.lake/build/lib/lean:/mnt/raid/home/nagyg/MyLEAN/cautious-octo-barnacle/Kasami-APN-AB/.lake/build/lib/lean /mnt/raid/home/nagyg/.elan/toolchains/leanprover--lean4---v4.28.0/bin/lean /mnt/raid/home/nagyg/MyLEAN/cautious-octo-barnacle/Kasami-APN-AB/RequestProject/APN/CharTwoBasics.lean -o /mnt/raid/home/nagyg/MyLEAN/cautious-octo-barnacle/Kasami-APN-AB/.lake/build/lib/lean/RequestProject/APN/CharTwoBasics.olean -i /mnt/raid/home/nagyg/MyLEAN/cautious-octo-barnacle/Kasami-APN-AB/.lake/build/lib/lean/RequestProject/APN/CharTwoBasics.ilean -c /mnt/raid/home/nagyg/MyLEAN/cautious-octo-barnacle/Kasami-APN-AB/.lake/build/ir/RequestProject/APN/CharTwoBasics.c --setup /mnt/raid/home/nagyg/MyLEAN/cautious-octo-barnacle/Kasami-APN-AB/.lake/build/ir/RequestProject/APN/CharTwoBasics.setup.json --json",
   "level": "trace"},
  {"message":
   "RequestProject/APN/CharTwoBasics.lean:56:0: automatically included section variable(s) unused in theorem `CollisionAnalysis.char2_add_self`:\n  [Fintype F]\n  [DecidableEq F]\nconsider restructuring your `variable` declarations so that the variables are not in scope or explicitly omit them:\n  omit [Fintype F] [DecidableEq F] in theorem ...\n\nNote: This linter can be disabled with `set_option linter.unusedSectionVars false`",
   "level": "warning"},
  {"message":
   "RequestProject/APN/CharTwoBasics.lean:59:0: automatically included section variable(s) unused in theorem `CollisionAnalysis.char2_neg`:\n  [Fintype F]\n  [DecidableEq F]\nconsider restructuring your `variable` declarations so that the variables are not in scope or explicitly omit them:\n  omit [Fintype F] [DecidableEq F] in theorem ...\n\nNote: This linter can be disabled with `set_option linter.unusedSectionVars false`",
   "level": "warning"},
  {"message":
   "RequestProject/APN/CharTwoBasics.lean:62:0: automatically included section variable(s) unused in theorem `CollisionAnalysis.char2_sub`:\n  [Fintype F]\n  [DecidableEq F]\nconsider restructuring your `variable` declarations so that the variables are not in scope or explicitly omit them:\n  omit [Fintype F] [DecidableEq F] in theorem ...\n\nNote: This linter can be disabled with `set_option linter.unusedSectionVars false`",
   "level": "warning"},
  {"message":
   "RequestProject/APN/CharTwoBasics.lean:66:0: automatically included section variable(s) unused in theorem `CollisionAnalysis.freshman_sq`:\n  [Fintype F]\n  [DecidableEq F]\nconsider restructuring your `variable` declarations so that the variables are not in scope or explicitly omit them:\n  omit [Fintype F] [DecidableEq F] in theorem ...\n\nNote: This linter can be disabled with `set_option linter.unusedSectionVars false`",
   "level": "warning"},
  {"message":
   "RequestProject/APN/CharTwoBasics.lean:71:0: automatically included section variable(s) unused in theorem `CollisionAnalysis.freshman_pow`:\n  [Fintype F]\n  [DecidableEq F]\nconsider restructuring your `variable` declarations so that the variables are not in scope or explicitly omit them:\n  omit [Fintype F] [DecidableEq F] in theorem ...\n\nNote: This linter can be disabled with `set_option linter.unusedSectionVars false`",
   "level": "warning"},
  {"message":
   "RequestProject/APN/CharTwoBasics.lean:87:0: automatically included section variable(s) unused in theorem `CollisionAnalysis.L_zero`:\n  [Fintype F]\n  [DecidableEq F]\n  [CharP F 2]\nconsider restructuring your `variable` declarations so that the variables are not in scope or explicitly omit them:\n  omit [Fintype F] [DecidableEq F] [CharP F 2] in theorem ...\n\nNote: This linter can be disabled with `set_option linter.unusedSectionVars false`",
   "level": "warning"},
  {"message":
   "RequestProject/APN/CharTwoBasics.lean:90:0: automatically included section variable(s) unused in theorem `CollisionAnalysis.L_one`:\n  [Fintype F]\n  [DecidableEq F]\nconsider restructuring your `variable` declarations so that the variables are not in scope or explicitly omit them:\n  omit [Fintype F] [DecidableEq F] in theorem ...\n\nNote: This linter can be disabled with `set_option linter.unusedSectionVars false`",
   "level": "warning"}],
 "inputs":
 [["RequestProject.APN.CharTwoBasics:deps",
   [["deps",
     [["RequestProject/RequestProject:extraDep",
       [["@RequestProject:extraDep", "00000000000006bb"]]],
      ["imports",
       [["RequestProject.APN.Defs transitive imports (legacy)",
         "12c1ba7185138d42"],
        ["RequestProject.APN.Defs:importAllArts", "02076c46998cde3e"]]]]],
    ["libs",
     [["import dynlibs", "00000000000006bb"],
      ["package external libraries", "00000000000006bb"],
      ["module dynlibs", "00000000000006bb"],
      ["module plugins", "00000000000006bb"]]]]],
  ["Lean 4.28.0, commit 7e01a1bf5c70fc6167d49c345d3bf80596e9a79b",
   "a96bc04a2e5e9630"],
  ["/mnt/raid/home/nagyg/MyLEAN/cautious-octo-barnacle/Kasami-APN-AB/RequestProject/APN/CharTwoBasics.lean",
   "fc6eb16e4a78431b"],
  ["options", "00000000000006bb"],
  ["Module.leanArgs: #[]", "00000000000006bb"]],
 "depHash": "b602c844215711b5"}