{"synthetic": false,
 "schemaVersion": "2025-09-10",
 "outputs":
 {"o": ["a410b8b43f719b1a.olean"],
  "i": "e550215e0c5f83c4.ilean",
  "c": "7ea0c926607285cf.c"},
 "log":
 [{"message":
   ".> LEAN_PATH=/mnt/raid/home/nagyg/MyLEAN/cautious-octo-barnacle/Kasami-APN-AB/.lake/packages/Cli/.lake/build/lib/lean:/mnt/raid/home/nagyg/MyLEAN/cautious-octo-barnacle/Kasami-APN-AB/.lake/packages/batteries/.lake/build/lib/lean:/mnt/raid/home/nagyg/MyLEAN/cautious-octo-barnacle/Kasami-APN-AB/.lake/packages/Qq/.lake/build/lib/lean:/mnt/raid/home/nagyg/MyLEAN/cautious-octo-barnacle/Kasami-APN-AB/.lake/packages/aesop/.lake/build/lib/lean:/mnt/raid/home/nagyg/MyLEAN/cautious-octo-barnacle/Kasami-APN-AB/.lake/packages/proofwidgets/.lake/build/lib/lean:/mnt/raid/home/nagyg/MyLEAN/cautious-octo-barnacle/Kasami-APN-AB/.lake/packages/importGraph/.lake/build/lib/lean:/mnt/raid/home/nagyg/MyLEAN/cautious-octo-barnacle/Kasami-APN-AB/.lake/packages/LeanSearchClient/.lake/build/lib/lean:/mnt/raid/home/nagyg/MyLEAN/cautious-octo-barnacle/Kasami-APN-AB/.lake/packages/plausible/.lake/build/lib/lean:/mnt/raid/home/nagyg/MyLEAN/cautious-octo-barnacle/Kasami-APN-AB/.lake/packages/mathlib/.lake/build/lib/lean:/mnt/raid/home/nagyg/MyLEAN/cautious-octo-barnacle/Kasami-APN-AB/.lake/build/lib/lean /mnt/raid/home/nagyg/.elan/toolchains/leanprover--lean4---v4.28.0/bin/lean /mnt/raid/home/nagyg/MyLEAN/cautious-octo-barnacle/Kasami-APN-AB/RequestProject/FiniteField/ExpArith.lean -o /mnt/raid/home/nagyg/MyLEAN/cautious-octo-barnacle/Kasami-APN-AB/.lake/build/lib/lean/RequestProject/FiniteField/ExpArith.olean -i /mnt/raid/home/nagyg/MyLEAN/cautious-octo-barnacle/Kasami-APN-AB/.lake/build/lib/lean/RequestProject/FiniteField/ExpArith.ilean -c /mnt/raid/home/nagyg/MyLEAN/cautious-octo-barnacle/Kasami-APN-AB/.lake/build/ir/RequestProject/FiniteField/ExpArith.c --setup /mnt/raid/home/nagyg/MyLEAN/cautious-octo-barnacle/Kasami-APN-AB/.lake/build/ir/RequestProject/FiniteField/ExpArith.setup.json --json",
   "level": "trace"},
  {"message":
   "RequestProject/FiniteField/ExpArith.lean:42:113: This simp argument is unused:\n  hx\n\nHint: Omit it from the simp argument list.\n  simp +decide [̵ ̵p̵o̵w̵_̵a̵d̵d̵,̵ ̵p̵o̵w̵_̵m̵u̵l̵,̵ ̵h̵x̵ ̵]̵[̲p̲o̲w̲_̲a̲d̲d̲,̲\n  ̲ ̲ ̲ ̲ ̲ ̲ ̲p̲o̲w̲_̲m̲u̲l̲]̲\n\nNote: This linter can be disabled with `set_option linter.unusedSimpArgs false`",
   "level": "warning"},
  {"message":
   "RequestProject/FiniteField/ExpArith.lean:43:87: This simp argument is unused:\n  mul_assoc\n\nHint: Omit it from the simp argument list.\n  simp_all +decide [̵ ̵p̵o̵w̵_̵s̵u̵c̵c̵'̵,̵ ̵m̵u̵l̵_̵a̵s̵s̵o̵c̵ ̵]̵[̲p̲o̲w̲_̲s̲u̲c̲c̲'̲]̲\n\nNote: This linter can be disabled with `set_option linter.unusedSimpArgs false`",
   "level": "warning"},
  {"message":
   "RequestProject/FiniteField/ExpArith.lean:45:83: This simp argument is unused:\n  mul_assoc\n\nHint: Omit it from the simp argument list.\n  simp_all +decide [̵ ̵p̵o̵w̵_̵s̵u̵c̵c̵'̵,̵ ̵m̵u̵l̵_̵a̵s̵s̵o̵c̵ ̵]̵[̲p̲o̲w̲_̲s̲u̲c̲c̲'̲]̲\n\nNote: This linter can be disabled with `set_option linter.unusedSimpArgs false`",
   "level": "warning"}],
 "inputs":
 [["RequestProject.FiniteField.ExpArith:deps",
   [["deps",
     [["RequestProject/RequestProject:extraDep",
       [["@RequestProject:extraDep", "00000000000006bb"]]],
      ["imports",
       [["Mathlib transitive imports (legacy)", "8fd896a9b3011bd6"],
        ["Mathlib:importAllArts", "8fc2a9ec06d95bdc"],
        ["RequestProject.FiniteField.FrobAlg transitive imports (legacy)",
         "582ff114f3cc8f4f"],
        ["RequestProject.FiniteField.FrobAlg:importAllArts",
         "6e49d5f30af82092"]]]]],
    ["libs",
     [["import dynlibs", "00000000000006bb"],
      ["package external libraries", "00000000000006bb"],
      ["module dynlibs", "00000000000006bb"],
      ["module plugins", "00000000000006bb"]]]]],
  ["Lean 4.28.0, commit 7e01a1bf5c70fc6167d49c345d3bf80596e9a79b",
   "a96bc04a2e5e9630"],
  ["/mnt/raid/home/nagyg/MyLEAN/cautious-octo-barnacle/Kasami-APN-AB/RequestProject/FiniteField/ExpArith.lean",
   "614b044106c3adf1"],
  ["options", "00000000000006bb"],
  ["Module.leanArgs: #[]", "00000000000006bb"]],
 "depHash": "ffcad71af0879466"}