{"synthetic": false,
 "schemaVersion": "2025-09-10",
 "outputs":
 {"o": ["50299e1deb30e84c.olean"],
  "i": "5c71b0dfbaa701cd.ilean",
  "c": "febf803a548c1db1.c"},
 "log":
 [{"message":
   ".> LEAN_PATH=/mnt/raid/home/nagyg/MyLEAN/cautious-octo-barnacle/Kasami-is-APN-AB-mTuple/.lake/packages/Cli/.lake/build/lib/lean:/mnt/raid/home/nagyg/MyLEAN/cautious-octo-barnacle/Kasami-is-APN-AB-mTuple/.lake/packages/batteries/.lake/build/lib/lean:/mnt/raid/home/nagyg/MyLEAN/cautious-octo-barnacle/Kasami-is-APN-AB-mTuple/.lake/packages/Qq/.lake/build/lib/lean:/mnt/raid/home/nagyg/MyLEAN/cautious-octo-barnacle/Kasami-is-APN-AB-mTuple/.lake/packages/aesop/.lake/build/lib/lean:/mnt/raid/home/nagyg/MyLEAN/cautious-octo-barnacle/Kasami-is-APN-AB-mTuple/.lake/packages/proofwidgets/.lake/build/lib/lean:/mnt/raid/home/nagyg/MyLEAN/cautious-octo-barnacle/Kasami-is-APN-AB-mTuple/.lake/packages/importGraph/.lake/build/lib/lean:/mnt/raid/home/nagyg/MyLEAN/cautious-octo-barnacle/Kasami-is-APN-AB-mTuple/.lake/packages/LeanSearchClient/.lake/build/lib/lean:/mnt/raid/home/nagyg/MyLEAN/cautious-octo-barnacle/Kasami-is-APN-AB-mTuple/.lake/packages/plausible/.lake/build/lib/lean:/mnt/raid/home/nagyg/MyLEAN/cautious-octo-barnacle/Kasami-is-APN-AB-mTuple/.lake/packages/mathlib/.lake/build/lib/lean:/mnt/raid/home/nagyg/MyLEAN/cautious-octo-barnacle/Kasami-is-APN-AB-mTuple/.lake/build/lib/lean /mnt/raid/home/nagyg/.elan/toolchains/leanprover--lean4---v4.28.0/bin/lean /mnt/raid/home/nagyg/MyLEAN/cautious-octo-barnacle/Kasami-is-APN-AB-mTuple/RequestProject/Core/FourierInversion.lean -o /mnt/raid/home/nagyg/MyLEAN/cautious-octo-barnacle/Kasami-is-APN-AB-mTuple/.lake/build/lib/lean/RequestProject/Core/FourierInversion.olean -i /mnt/raid/home/nagyg/MyLEAN/cautious-octo-barnacle/Kasami-is-APN-AB-mTuple/.lake/build/lib/lean/RequestProject/Core/FourierInversion.ilean -c /mnt/raid/home/nagyg/MyLEAN/cautious-octo-barnacle/Kasami-is-APN-AB-mTuple/.lake/build/ir/RequestProject/Core/FourierInversion.c --setup /mnt/raid/home/nagyg/MyLEAN/cautious-octo-barnacle/Kasami-is-APN-AB-mTuple/.lake/build/ir/RequestProject/Core/FourierInversion.setup.json --json",
   "level": "trace"}],
 "inputs":
 [["RequestProject.Core.FourierInversion:deps",
   [["deps",
     [["RequestProject/RequestProject:extraDep",
       [["@RequestProject:extraDep", "00000000000006bb"]]],
      ["imports",
       [["Mathlib transitive imports (legacy)", "8fd896a9b3011bd6"],
        ["Mathlib:importAllArts", "8fc2a9ec06d95bdc"],
        ["RequestProject.Core.Vanishing transitive imports (legacy)",
         "a863f5d6764c9634"],
        ["RequestProject.Core.Vanishing:importAllArts", "a411f4c39792f796"]]]]],
    ["libs",
     [["import dynlibs", "00000000000006bb"],
      ["package external libraries", "00000000000006bb"],
      ["module dynlibs", "00000000000006bb"],
      ["module plugins", "00000000000006bb"]]]]],
  ["Lean 4.28.0, commit 7e01a1bf5c70fc6167d49c345d3bf80596e9a79b",
   "a96bc04a2e5e9630"],
  ["/mnt/raid/home/nagyg/MyLEAN/cautious-octo-barnacle/Kasami-is-APN-AB-mTuple/RequestProject/Core/FourierInversion.lean",
   "84788137d5de7fa8"],
  ["options", "00000000000006bb"],
  ["Module.leanArgs: #[]", "00000000000006bb"]],
 "depHash": "0105ea463dc35400"}