{"synthetic": false,
 "schemaVersion": "2025-09-10",
 "outputs":
 {"o": ["bb7845c752c95143.olean"],
  "i": "9a3881634aad701f.ilean",
  "c": "30c39eb5124a276f.c"},
 "log":
 [{"message":
   ".> LEAN_PATH=/mnt/raid/home/nagyg/MyLEAN/cautious-octo-barnacle/.lake/packages/Cli/.lake/build/lib/lean:/mnt/raid/home/nagyg/MyLEAN/cautious-octo-barnacle/.lake/packages/batteries/.lake/build/lib/lean:/mnt/raid/home/nagyg/MyLEAN/cautious-octo-barnacle/.lake/packages/Qq/.lake/build/lib/lean:/mnt/raid/home/nagyg/MyLEAN/cautious-octo-barnacle/.lake/packages/aesop/.lake/build/lib/lean:/mnt/raid/home/nagyg/MyLEAN/cautious-octo-barnacle/.lake/packages/proofwidgets/.lake/build/lib/lean:/mnt/raid/home/nagyg/MyLEAN/cautious-octo-barnacle/.lake/packages/importGraph/.lake/build/lib/lean:/mnt/raid/home/nagyg/MyLEAN/cautious-octo-barnacle/.lake/packages/LeanSearchClient/.lake/build/lib/lean:/mnt/raid/home/nagyg/MyLEAN/cautious-octo-barnacle/.lake/packages/plausible/.lake/build/lib/lean:/mnt/raid/home/nagyg/MyLEAN/cautious-octo-barnacle/.lake/packages/mathlib/.lake/build/lib/lean:/mnt/raid/home/nagyg/MyLEAN/cautious-octo-barnacle/.lake/build/lib/lean /mnt/raid/home/nagyg/.elan/toolchains/leanprover--lean4---v4.28.0/bin/lean /mnt/raid/home/nagyg/MyLEAN/cautious-octo-barnacle/conjectures-mtuple-triple_count/RequestProject/FiniteField/AdjointBij.lean -o /mnt/raid/home/nagyg/MyLEAN/cautious-octo-barnacle/.lake/build/lib/lean/RequestProject/FiniteField/AdjointBij.olean -i /mnt/raid/home/nagyg/MyLEAN/cautious-octo-barnacle/.lake/build/lib/lean/RequestProject/FiniteField/AdjointBij.ilean -c /mnt/raid/home/nagyg/MyLEAN/cautious-octo-barnacle/.lake/build/ir/RequestProject/FiniteField/AdjointBij.c --setup /mnt/raid/home/nagyg/MyLEAN/cautious-octo-barnacle/.lake/build/ir/RequestProject/FiniteField/AdjointBij.setup.json --json",
   "level": "trace"},
  {"message":
   "conjectures-mtuple-triple_count/RequestProject/FiniteField/AdjointBij.lean:26:0: automatically included section variable(s) unused in theorem `DempwolffMueller.pow_map_mul`:\n  [Fintype F]\nconsider restructuring your `variable` declarations so that the variables are not in scope or explicitly omit them:\n  omit [Fintype F] in theorem ...\n\nNote: This linter can be disabled with `set_option linter.unusedSectionVars false`",
   "level": "warning"},
  {"message":
   "conjectures-mtuple-triple_count/RequestProject/FiniteField/AdjointBij.lean:28:0: automatically included section variable(s) unused in theorem `DempwolffMueller.pow_map_zero`:\n  [Fintype F]\nconsider restructuring your `variable` declarations so that the variables are not in scope or explicitly omit them:\n  omit [Fintype F] in theorem ...\n\nNote: This linter can be disabled with `set_option linter.unusedSectionVars false`",
   "level": "warning"},
  {"message":
   "conjectures-mtuple-triple_count/RequestProject/FiniteField/AdjointBij.lean:48:88: This simp argument is unused:\n  Fintype.card_eq_one_iff\n\nHint: Omit it from the simp argument list.\n  simp_all +decide ̵[̵ ̵F̵i̵n̵t̵y̵p̵e̵.̵c̵a̵r̵d̵_̵e̵q̵_̵o̵n̵e̵_̵i̵f̵f̵ ̵]̵\n\nNote: This linter can be disabled with `set_option linter.unusedSimpArgs false`",
   "level": "warning"},
  {"message":
   "conjectures-mtuple-triple_count/RequestProject/FiniteField/AdjointBij.lean:54:41: This simp argument is unused:\n  Set.ext_iff\n\nHint: Omit it from the simp argument list.\n  simp_all +decide [̵ ̵F̵i̵n̵s̵e̵t̵.̵e̵x̵t̵_̵i̵f̵f̵,̵ ̵S̵e̵t̵.̵e̵x̵t̵_̵i̵f̵f̵ ̵]̵[̲F̲i̲n̲s̲e̲t̲.̲e̲x̲t̲_̲i̲f̲f̲]̲\n\nNote: This linter can be disabled with `set_option linter.unusedSimpArgs false`",
   "level": "warning"},
  {"message":
   "conjectures-mtuple-triple_count/RequestProject/FiniteField/AdjointBij.lean:61:39: This simp argument is unused:\n  Set.ext_iff\n\nHint: Omit it from the simp argument list.\n  simp_all +decide [̵ ̵F̵i̵n̵s̵e̵t̵.̵e̵x̵t̵_̵i̵f̵f̵,̵ ̵S̵e̵t̵.̵e̵x̵t̵_̵i̵f̵f̵ ̵]̵[̲F̲i̲n̲s̲e̲t̲.̲e̲x̲t̲_̲i̲f̲f̲]̲\n\nNote: This linter can be disabled with `set_option linter.unusedSimpArgs false`",
   "level": "warning"},
  {"message":
   "conjectures-mtuple-triple_count/RequestProject/FiniteField/AdjointBij.lean:77:49: This simp argument is unused:\n  CharTwo.add_self_eq_zero\n\nHint: Omit it from the simp argument list.\n  simp_all +decide ̵[̵ ̵C̵h̵a̵r̵T̵w̵o̵.̵a̵d̵d̵_̵s̵e̵l̵f̵_̵e̵q̵_̵z̵e̵r̵o̵ ̵]̵\n\nNote: This linter can be disabled with `set_option linter.unusedSimpArgs false`",
   "level": "warning"}],
 "inputs":
 [["RequestProject.FiniteField.AdjointBij:deps",
   [["deps",
     [["RequestProject/ConjecturesMTupleTripleCount:extraDep",
       [["@RequestProject:extraDep", "00000000000006bb"]]],
      ["imports",
       [["Mathlib transitive imports (legacy)", "8fd896a9b3011bd6"],
        ["Mathlib:importAllArts", "8fc2a9ec06d95bdc"],
        ["RequestProject.FiniteField.TraceNorm transitive imports (legacy)",
         "32203a41368dedb9"],
        ["RequestProject.FiniteField.TraceNorm:importAllArts",
         "c9e296fc3c4eea78"],
        ["RequestProject.FiniteField.ExpArith transitive imports (legacy)",
         "32203a41368dedb9"],
        ["RequestProject.FiniteField.ExpArith:importAllArts",
         "9ae85c9e001bcf85"],
        ["RequestProject.FiniteField.FrobAlg transitive imports (legacy)",
         "582ff114f3cc8f4f"],
        ["RequestProject.FiniteField.FrobAlg:importAllArts",
         "6e49d5f30af82092"],
        ["RequestProject.FiniteField.Lemma31 transitive imports (legacy)",
         "12c1ba7185138d42"],
        ["RequestProject.FiniteField.Lemma31:importAllArts",
         "9f3a69331458cabd"],
        ["RequestProject.FiniteField.BareLemma31Skeleton transitive imports (legacy)",
         "276e9cbc8946d1f8"],
        ["RequestProject.FiniteField.BareLemma31Skeleton:importAllArts",
         "40095f09779fa7f9"]]]]],
    ["libs",
     [["import dynlibs", "00000000000006bb"],
      ["package external libraries", "00000000000006bb"],
      ["module dynlibs", "00000000000006bb"],
      ["module plugins", "00000000000006bb"]]]]],
  ["Lean 4.28.0, commit 7e01a1bf5c70fc6167d49c345d3bf80596e9a79b",
   "a96bc04a2e5e9630"],
  ["/mnt/raid/home/nagyg/MyLEAN/cautious-octo-barnacle/conjectures-mtuple-triple_count/RequestProject/FiniteField/AdjointBij.lean",
   "9ae38ad082781776"],
  ["options", "00000000000006bb"],
  ["Module.leanArgs: #[]", "00000000000006bb"]],
 "depHash": "1ea6022a7f513a97"}