{"synthetic": false,
 "schemaVersion": "2025-09-10",
 "outputs":
 {"o": ["f23b9161cf0ff331.olean"],
  "i": "c0ab29d75741d6da.ilean",
  "c": "af05808d449b5f45.c"},
 "log":
 [{"message":
   ".> LEAN_PATH=/mnt/raid/home/nagyg/MyLEAN/cautious-octo-barnacle/Kasami-is-APN-AB-mTuple/.lake/packages/Cli/.lake/build/lib/lean:/mnt/raid/home/nagyg/MyLEAN/cautious-octo-barnacle/Kasami-is-APN-AB-mTuple/.lake/packages/batteries/.lake/build/lib/lean:/mnt/raid/home/nagyg/MyLEAN/cautious-octo-barnacle/Kasami-is-APN-AB-mTuple/.lake/packages/Qq/.lake/build/lib/lean:/mnt/raid/home/nagyg/MyLEAN/cautious-octo-barnacle/Kasami-is-APN-AB-mTuple/.lake/packages/aesop/.lake/build/lib/lean:/mnt/raid/home/nagyg/MyLEAN/cautious-octo-barnacle/Kasami-is-APN-AB-mTuple/.lake/packages/proofwidgets/.lake/build/lib/lean:/mnt/raid/home/nagyg/MyLEAN/cautious-octo-barnacle/Kasami-is-APN-AB-mTuple/.lake/packages/importGraph/.lake/build/lib/lean:/mnt/raid/home/nagyg/MyLEAN/cautious-octo-barnacle/Kasami-is-APN-AB-mTuple/.lake/packages/LeanSearchClient/.lake/build/lib/lean:/mnt/raid/home/nagyg/MyLEAN/cautious-octo-barnacle/Kasami-is-APN-AB-mTuple/.lake/packages/plausible/.lake/build/lib/lean:/mnt/raid/home/nagyg/MyLEAN/cautious-octo-barnacle/Kasami-is-APN-AB-mTuple/.lake/packages/mathlib/.lake/build/lib/lean:/mnt/raid/home/nagyg/MyLEAN/cautious-octo-barnacle/Kasami-is-APN-AB-mTuple/.lake/build/lib/lean /mnt/raid/home/nagyg/.elan/toolchains/leanprover--lean4---v4.28.0/bin/lean /mnt/raid/home/nagyg/MyLEAN/cautious-octo-barnacle/Kasami-is-APN-AB-mTuple/RequestProject/DempwolffMueller/AdjointBij.lean -o /mnt/raid/home/nagyg/MyLEAN/cautious-octo-barnacle/Kasami-is-APN-AB-mTuple/.lake/build/lib/lean/RequestProject/DempwolffMueller/AdjointBij.olean -i /mnt/raid/home/nagyg/MyLEAN/cautious-octo-barnacle/Kasami-is-APN-AB-mTuple/.lake/build/lib/lean/RequestProject/DempwolffMueller/AdjointBij.ilean -c /mnt/raid/home/nagyg/MyLEAN/cautious-octo-barnacle/Kasami-is-APN-AB-mTuple/.lake/build/ir/RequestProject/DempwolffMueller/AdjointBij.c --setup /mnt/raid/home/nagyg/MyLEAN/cautious-octo-barnacle/Kasami-is-APN-AB-mTuple/.lake/build/ir/RequestProject/DempwolffMueller/AdjointBij.setup.json --json",
   "level": "trace"},
  {"message":
   "RequestProject/DempwolffMueller/AdjointBij.lean:27:0: automatically included section variable(s) unused in theorem `DempwolffMueller.pow_map_mul`:\n  [Fintype F]\nconsider restructuring your `variable` declarations so that the variables are not in scope or explicitly omit them:\n  omit [Fintype F] in theorem ...\n\nNote: This linter can be disabled with `set_option linter.unusedSectionVars false`",
   "level": "warning"},
  {"message":
   "RequestProject/DempwolffMueller/AdjointBij.lean:29:0: automatically included section variable(s) unused in theorem `DempwolffMueller.pow_map_zero`:\n  [Fintype F]\nconsider restructuring your `variable` declarations so that the variables are not in scope or explicitly omit them:\n  omit [Fintype F] in theorem ...\n\nNote: This linter can be disabled with `set_option linter.unusedSectionVars false`",
   "level": "warning"},
  {"message":
   "RequestProject/DempwolffMueller/AdjointBij.lean:49:88: This simp argument is unused:\n  Fintype.card_eq_one_iff\n\nHint: Omit it from the simp argument list.\n  simp_all +decide ̵[̵ ̵F̵i̵n̵t̵y̵p̵e̵.̵c̵a̵r̵d̵_̵e̵q̵_̵o̵n̵e̵_̵i̵f̵f̵ ̵]̵\n\nNote: This linter can be disabled with `set_option linter.unusedSimpArgs false`",
   "level": "warning"},
  {"message":
   "RequestProject/DempwolffMueller/AdjointBij.lean:55:41: This simp argument is unused:\n  Set.ext_iff\n\nHint: Omit it from the simp argument list.\n  simp_all +decide [̵ ̵F̵i̵n̵s̵e̵t̵.̵e̵x̵t̵_̵i̵f̵f̵,̵ ̵S̵e̵t̵.̵e̵x̵t̵_̵i̵f̵f̵ ̵]̵[̲F̲i̲n̲s̲e̲t̲.̲e̲x̲t̲_̲i̲f̲f̲]̲\n\nNote: This linter can be disabled with `set_option linter.unusedSimpArgs false`",
   "level": "warning"},
  {"message":
   "RequestProject/DempwolffMueller/AdjointBij.lean:62:39: This simp argument is unused:\n  Set.ext_iff\n\nHint: Omit it from the simp argument list.\n  simp_all +decide [̵ ̵F̵i̵n̵s̵e̵t̵.̵e̵x̵t̵_̵i̵f̵f̵,̵ ̵S̵e̵t̵.̵e̵x̵t̵_̵i̵f̵f̵ ̵]̵[̲F̲i̲n̲s̲e̲t̲.̲e̲x̲t̲_̲i̲f̲f̲]̲\n\nNote: This linter can be disabled with `set_option linter.unusedSimpArgs false`",
   "level": "warning"},
  {"message":
   "RequestProject/DempwolffMueller/AdjointBij.lean:78:49: This simp argument is unused:\n  CharTwo.add_self_eq_zero\n\nHint: Omit it from the simp argument list.\n  simp_all +decide ̵[̵ ̵C̵h̵a̵r̵T̵w̵o̵.̵a̵d̵d̵_̵s̵e̵l̵f̵_̵e̵q̵_̵z̵e̵r̵o̵ ̵]̵\n\nNote: This linter can be disabled with `set_option linter.unusedSimpArgs false`",
   "level": "warning"}],
 "inputs":
 [["RequestProject.DempwolffMueller.AdjointBij:deps",
   [["deps",
     [["RequestProject/RequestProject:extraDep",
       [["@RequestProject:extraDep", "00000000000006bb"]]],
      ["imports",
       [["Mathlib transitive imports (legacy)", "8fd896a9b3011bd6"],
        ["Mathlib:importAllArts", "8fc2a9ec06d95bdc"],
        ["RequestProject.DempwolffMueller.TraceNorm transitive imports (legacy)",
         "532a4329b81d4550"],
        ["RequestProject.DempwolffMueller.TraceNorm:importAllArts",
         "f9dcd36959c4aff6"],
        ["RequestProject.Core.ExpArith transitive imports (legacy)",
         "12c1ba7185138d42"],
        ["RequestProject.Core.ExpArith:importAllArts", "968da5e8be082c12"],
        ["RequestProject.DempwolffMueller.ExpArith transitive imports (legacy)",
         "532a4329b81d4550"],
        ["RequestProject.DempwolffMueller.ExpArith:importAllArts",
         "4b2fba9b01fcb110"],
        ["RequestProject.DempwolffMueller.FrobAlg transitive imports (legacy)",
         "9df9c94847a2ed3b"],
        ["RequestProject.DempwolffMueller.FrobAlg:importAllArts",
         "1191122974759775"],
        ["RequestProject.DempwolffMueller.Lemma31 transitive imports (legacy)",
         "12c1ba7185138d42"],
        ["RequestProject.DempwolffMueller.Lemma31:importAllArts",
         "58978e0eb88de1b7"],
        ["RequestProject.DempwolffMueller.BareLemma31 transitive imports (legacy)",
         "9707883bc573af54"],
        ["RequestProject.DempwolffMueller.BareLemma31:importAllArts",
         "9892e687caa610e9"]]]]],
    ["libs",
     [["import dynlibs", "00000000000006bb"],
      ["package external libraries", "00000000000006bb"],
      ["module dynlibs", "00000000000006bb"],
      ["module plugins", "00000000000006bb"]]]]],
  ["Lean 4.28.0, commit 7e01a1bf5c70fc6167d49c345d3bf80596e9a79b",
   "a96bc04a2e5e9630"],
  ["/mnt/raid/home/nagyg/MyLEAN/cautious-octo-barnacle/Kasami-is-APN-AB-mTuple/RequestProject/DempwolffMueller/AdjointBij.lean",
   "8e99e7f1c8ca7567"],
  ["options", "00000000000006bb"],
  ["Module.leanArgs: #[]", "00000000000006bb"]],
 "depHash": "7315952d02d36e95"}