{"synthetic": false,
 "schemaVersion": "2025-09-10",
 "outputs":
 {"o": ["20f9e49f04ccf01f.olean"],
  "i": "8c67e3a37eda0d6b.ilean",
  "c": "9269188c003c5834.c"},
 "log":
 [{"message":
   ".> LEAN_PATH=/mnt/raid/home/nagyg/MyLEAN/cautious-octo-barnacle/Kasami-is-APN-AB-mTuple/.lake/packages/Cli/.lake/build/lib/lean:/mnt/raid/home/nagyg/MyLEAN/cautious-octo-barnacle/Kasami-is-APN-AB-mTuple/.lake/packages/batteries/.lake/build/lib/lean:/mnt/raid/home/nagyg/MyLEAN/cautious-octo-barnacle/Kasami-is-APN-AB-mTuple/.lake/packages/Qq/.lake/build/lib/lean:/mnt/raid/home/nagyg/MyLEAN/cautious-octo-barnacle/Kasami-is-APN-AB-mTuple/.lake/packages/aesop/.lake/build/lib/lean:/mnt/raid/home/nagyg/MyLEAN/cautious-octo-barnacle/Kasami-is-APN-AB-mTuple/.lake/packages/proofwidgets/.lake/build/lib/lean:/mnt/raid/home/nagyg/MyLEAN/cautious-octo-barnacle/Kasami-is-APN-AB-mTuple/.lake/packages/importGraph/.lake/build/lib/lean:/mnt/raid/home/nagyg/MyLEAN/cautious-octo-barnacle/Kasami-is-APN-AB-mTuple/.lake/packages/LeanSearchClient/.lake/build/lib/lean:/mnt/raid/home/nagyg/MyLEAN/cautious-octo-barnacle/Kasami-is-APN-AB-mTuple/.lake/packages/plausible/.lake/build/lib/lean:/mnt/raid/home/nagyg/MyLEAN/cautious-octo-barnacle/Kasami-is-APN-AB-mTuple/.lake/packages/mathlib/.lake/build/lib/lean:/mnt/raid/home/nagyg/MyLEAN/cautious-octo-barnacle/Kasami-is-APN-AB-mTuple/.lake/build/lib/lean /mnt/raid/home/nagyg/.elan/toolchains/leanprover--lean4---v4.28.0/bin/lean /mnt/raid/home/nagyg/MyLEAN/cautious-octo-barnacle/Kasami-is-APN-AB-mTuple/RequestProject/DempwolffMueller/TruncTrace.lean -o /mnt/raid/home/nagyg/MyLEAN/cautious-octo-barnacle/Kasami-is-APN-AB-mTuple/.lake/build/lib/lean/RequestProject/DempwolffMueller/TruncTrace.olean -i /mnt/raid/home/nagyg/MyLEAN/cautious-octo-barnacle/Kasami-is-APN-AB-mTuple/.lake/build/lib/lean/RequestProject/DempwolffMueller/TruncTrace.ilean -c /mnt/raid/home/nagyg/MyLEAN/cautious-octo-barnacle/Kasami-is-APN-AB-mTuple/.lake/build/ir/RequestProject/DempwolffMueller/TruncTrace.c --setup /mnt/raid/home/nagyg/MyLEAN/cautious-octo-barnacle/Kasami-is-APN-AB-mTuple/.lake/build/ir/RequestProject/DempwolffMueller/TruncTrace.setup.json --json",
   "level": "trace"},
  {"message":
   "RequestProject/DempwolffMueller/TruncTrace.lean:65:92: Try this:\n  [apply] ring_nf\n  \n  The `ring` tactic failed to close the goal. Use `ring_nf` to obtain a normal form.\n    \n  Note that `ring` works primarily in *commutative* rings. If you have a noncommutative ring, abelian group or module, consider using `noncomm_ring`, `abel` or `module` instead.",
   "level": "info"},
  {"message":
   "RequestProject/DempwolffMueller/TruncTrace.lean:67:53: Try this:\n  [apply] ring_nf\n  \n  The `ring` tactic failed to close the goal. Use `ring_nf` to obtain a normal form.\n    \n  Note that `ring` works primarily in *commutative* rings. If you have a noncommutative ring, abelian group or module, consider using `noncomm_ring`, `abel` or `module` instead.",
   "level": "info"},
  {"message":
   "RequestProject/DempwolffMueller/TruncTrace.lean:68:23: This simp argument is unused:\n  ← add_assoc\n\nHint: Omit it from the simp argument list.\n  simp_all +decide [̵ ̵←̵ ̵a̵d̵d̵_̵a̵s̵s̵o̵c̵,̵ ̵←̵[̲←̲ two_mul, C̵h̵a̵r̵T̵w̵o̵.̵t̵w̵o̵_̵e̵q̵_̵z̵e̵r̵o̵ ̵]̵C̲h̲a̲r̲T̲w̲o̲.̲t̲w̲o̲_̲e̲q̲_̲z̲e̲r̲o̲]̲\n\nNote: Simp arguments with `←` have the additional effect of removing the other direction from the simp set, even if the simp argument itself is unused. If the hint above does not work, try replacing `←` with `-` to only get that effect and silence this warning.\n\nNote: This linter can be disabled with `set_option linter.unusedSimpArgs false`",
   "level": "warning"},
  {"message":
   "RequestProject/DempwolffMueller/TruncTrace.lean:68:36: This simp argument is unused:\n  ← two_mul\n\nHint: Omit it from the simp argument list.\n  simp_all +decide [̵ ̵←̵[̲←̲ add_assoc, ←̵ ̵t̵w̵o̵_̵m̵u̵l̵,̵ ̵C̵h̵a̵r̵T̵w̵o̵.̵t̵w̵o̵_̵e̵q̵_̵z̵e̵r̵o̵ ̵]̵C̲h̲a̲r̲T̲w̲o̲.̲t̲w̲o̲_̲e̲q̲_̲z̲e̲r̲o̲]̲\n\nNote: Simp arguments with `←` have the additional effect of removing the other direction from the simp set, even if the simp argument itself is unused. If the hint above does not work, try replacing `←` with `-` to only get that effect and silence this warning.\n\nNote: This linter can be disabled with `set_option linter.unusedSimpArgs false`",
   "level": "warning"},
  {"message":
   "RequestProject/DempwolffMueller/TruncTrace.lean:90:57: this constant has no effect on the linear combination; it can be dropped from the term",
   "level": "warning"},
  {"message":
   "RequestProject/DempwolffMueller/TruncTrace.lean:98:40: unused variable `hm_lt`\n\nNote: This linter can be disabled with `set_option linter.unusedVariables false`",
   "level": "warning"}],
 "inputs":
 [["RequestProject.DempwolffMueller.TruncTrace:deps",
   [["deps",
     [["RequestProject/RequestProject:extraDep",
       [["@RequestProject:extraDep", "00000000000006bb"]]],
      ["imports",
       [["Mathlib transitive imports (legacy)", "8fd896a9b3011bd6"],
        ["Mathlib:importAllArts", "8fc2a9ec06d95bdc"],
        ["RequestProject.DempwolffMueller.TraceNorm transitive imports (legacy)",
         "532a4329b81d4550"],
        ["RequestProject.DempwolffMueller.TraceNorm:importAllArts",
         "f9dcd36959c4aff6"],
        ["RequestProject.Core.ExpArith transitive imports (legacy)",
         "12c1ba7185138d42"],
        ["RequestProject.Core.ExpArith:importAllArts", "968da5e8be082c12"],
        ["RequestProject.DempwolffMueller.ExpArith transitive imports (legacy)",
         "532a4329b81d4550"],
        ["RequestProject.DempwolffMueller.ExpArith:importAllArts",
         "4b2fba9b01fcb110"],
        ["RequestProject.DempwolffMueller.FrobAlg transitive imports (legacy)",
         "9df9c94847a2ed3b"],
        ["RequestProject.DempwolffMueller.FrobAlg:importAllArts",
         "1191122974759775"],
        ["RequestProject.DempwolffMueller.AdjointBij transitive imports (legacy)",
         "84653a9c731fd972"],
        ["RequestProject.DempwolffMueller.AdjointBij:importAllArts",
         "670077500fcbf75c"]]]]],
    ["libs",
     [["import dynlibs", "00000000000006bb"],
      ["package external libraries", "00000000000006bb"],
      ["module dynlibs", "00000000000006bb"],
      ["module plugins", "00000000000006bb"]]]]],
  ["Lean 4.28.0, commit 7e01a1bf5c70fc6167d49c345d3bf80596e9a79b",
   "a96bc04a2e5e9630"],
  ["/mnt/raid/home/nagyg/MyLEAN/cautious-octo-barnacle/Kasami-is-APN-AB-mTuple/RequestProject/DempwolffMueller/TruncTrace.lean",
   "8983ae63ad7d0ce0"],
  ["options", "00000000000006bb"],
  ["Module.leanArgs: #[]", "00000000000006bb"]],
 "depHash": "3f1ecae9d1fec38c"}