{"synthetic": false,
 "schemaVersion": "2025-09-10",
 "outputs":
 {"o": ["ffbf7a9018d7145e.olean"],
  "i": "985c1ae2a0505bd0.ilean",
  "c": "d51eb545113bdfa8.c"},
 "log":
 [{"message":
   ".> LEAN_PATH=/mnt/raid/home/nagyg/MyLEAN/cautious-octo-barnacle/kasami-triple-count/.lake/packages/Cli/.lake/build/lib/lean:/mnt/raid/home/nagyg/MyLEAN/cautious-octo-barnacle/kasami-triple-count/.lake/packages/batteries/.lake/build/lib/lean:/mnt/raid/home/nagyg/MyLEAN/cautious-octo-barnacle/kasami-triple-count/.lake/packages/Qq/.lake/build/lib/lean:/mnt/raid/home/nagyg/MyLEAN/cautious-octo-barnacle/kasami-triple-count/.lake/packages/aesop/.lake/build/lib/lean:/mnt/raid/home/nagyg/MyLEAN/cautious-octo-barnacle/kasami-triple-count/.lake/packages/proofwidgets/.lake/build/lib/lean:/mnt/raid/home/nagyg/MyLEAN/cautious-octo-barnacle/kasami-triple-count/.lake/packages/importGraph/.lake/build/lib/lean:/mnt/raid/home/nagyg/MyLEAN/cautious-octo-barnacle/kasami-triple-count/.lake/packages/LeanSearchClient/.lake/build/lib/lean:/mnt/raid/home/nagyg/MyLEAN/cautious-octo-barnacle/kasami-triple-count/.lake/packages/plausible/.lake/build/lib/lean:/mnt/raid/home/nagyg/MyLEAN/cautious-octo-barnacle/kasami-triple-count/.lake/packages/mathlib/.lake/build/lib/lean:/mnt/raid/home/nagyg/MyLEAN/cautious-octo-barnacle/kasami-triple-count/.lake/build/lib/lean /mnt/raid/home/nagyg/.elan/toolchains/leanprover--lean4---v4.28.0/bin/lean /mnt/raid/home/nagyg/MyLEAN/cautious-octo-barnacle/kasami-triple-count/RequestProject/KasamiFourier.lean -o /mnt/raid/home/nagyg/MyLEAN/cautious-octo-barnacle/kasami-triple-count/.lake/build/lib/lean/RequestProject/KasamiFourier.olean -i /mnt/raid/home/nagyg/MyLEAN/cautious-octo-barnacle/kasami-triple-count/.lake/build/lib/lean/RequestProject/KasamiFourier.ilean -c /mnt/raid/home/nagyg/MyLEAN/cautious-octo-barnacle/kasami-triple-count/.lake/build/ir/RequestProject/KasamiFourier.c --setup /mnt/raid/home/nagyg/MyLEAN/cautious-octo-barnacle/kasami-triple-count/.lake/build/ir/RequestProject/KasamiFourier.setup.json --json",
   "level": "trace"}],
 "inputs":
 [["RequestProject.KasamiFourier:deps",
   [["deps",
     [["RequestProject/RequestProject:extraDep",
       [["@RequestProject:extraDep", "00000000000006bb"]]],
      ["imports",
       [["Mathlib transitive imports (legacy)", "6d3278f5bc74a2fe"],
        ["Mathlib:importAllArts", "8fc2a9ec06d95bdc"],
        ["RequestProject.KasamiDefs transitive imports (legacy)",
         "0402fd2b5053d281"],
        ["RequestProject.KasamiDefs:importAllArts", "fd1a881f1b12758e"],
        ["RequestProject.KasamiCharacters transitive imports (legacy)",
         "36fd466238730868"],
        ["RequestProject.KasamiCharacters:importAllArts",
         "304e044b66ca129c"]]]]],
    ["libs",
     [["import dynlibs", "00000000000006bb"],
      ["package external libraries", "00000000000006bb"],
      ["module dynlibs", "00000000000006bb"],
      ["module plugins", "00000000000006bb"]]]]],
  ["Lean 4.28.0, commit 7e01a1bf5c70fc6167d49c345d3bf80596e9a79b",
   "a96bc04a2e5e9630"],
  ["/mnt/raid/home/nagyg/MyLEAN/cautious-octo-barnacle/kasami-triple-count/RequestProject/KasamiFourier.lean",
   "8c318df87ac346d4"],
  ["options", "00000000000006bb"],
  ["Module.leanArgs: #[]", "00000000000006bb"]],
 "depHash": "a577ea0cd87191d8"}