{"synthetic": false,
 "schemaVersion": "2025-09-10",
 "outputs":
 {"o": ["c194666b95a31b4d.olean"],
  "i": "04800fdc2c93a188.ilean",
  "c": "6b5b02acb466f8db.c"},
 "log":
 [{"message":
   ".> LEAN_PATH=/mnt/raid/home/nagyg/MyLEAN/cautious-octo-barnacle/kasami-triple-count/.lake/packages/Cli/.lake/build/lib/lean:/mnt/raid/home/nagyg/MyLEAN/cautious-octo-barnacle/kasami-triple-count/.lake/packages/batteries/.lake/build/lib/lean:/mnt/raid/home/nagyg/MyLEAN/cautious-octo-barnacle/kasami-triple-count/.lake/packages/Qq/.lake/build/lib/lean:/mnt/raid/home/nagyg/MyLEAN/cautious-octo-barnacle/kasami-triple-count/.lake/packages/aesop/.lake/build/lib/lean:/mnt/raid/home/nagyg/MyLEAN/cautious-octo-barnacle/kasami-triple-count/.lake/packages/proofwidgets/.lake/build/lib/lean:/mnt/raid/home/nagyg/MyLEAN/cautious-octo-barnacle/kasami-triple-count/.lake/packages/importGraph/.lake/build/lib/lean:/mnt/raid/home/nagyg/MyLEAN/cautious-octo-barnacle/kasami-triple-count/.lake/packages/LeanSearchClient/.lake/build/lib/lean:/mnt/raid/home/nagyg/MyLEAN/cautious-octo-barnacle/kasami-triple-count/.lake/packages/plausible/.lake/build/lib/lean:/mnt/raid/home/nagyg/MyLEAN/cautious-octo-barnacle/kasami-triple-count/.lake/packages/mathlib/.lake/build/lib/lean:/mnt/raid/home/nagyg/MyLEAN/cautious-octo-barnacle/kasami-triple-count/.lake/build/lib/lean /mnt/raid/home/nagyg/.elan/toolchains/leanprover--lean4---v4.28.0/bin/lean /mnt/raid/home/nagyg/MyLEAN/cautious-octo-barnacle/kasami-triple-count/RequestProject/KasamiCharacters.lean -o /mnt/raid/home/nagyg/MyLEAN/cautious-octo-barnacle/kasami-triple-count/.lake/build/lib/lean/RequestProject/KasamiCharacters.olean -i /mnt/raid/home/nagyg/MyLEAN/cautious-octo-barnacle/kasami-triple-count/.lake/build/lib/lean/RequestProject/KasamiCharacters.ilean -c /mnt/raid/home/nagyg/MyLEAN/cautious-octo-barnacle/kasami-triple-count/.lake/build/ir/RequestProject/KasamiCharacters.c --setup /mnt/raid/home/nagyg/MyLEAN/cautious-octo-barnacle/kasami-triple-count/.lake/build/ir/RequestProject/KasamiCharacters.setup.json --json",
   "level": "trace"},
  {"message":
   "RequestProject/KasamiCharacters.lean:30:0: automatically included section variable(s) unused in theorem `kasamiChar_isPrimitive`:\n  [DecidableEq F]\n  [CharP F 2]\nconsider restructuring your `variable` declarations so that the variables are not in scope or explicitly omit them:\n  omit [DecidableEq F] [CharP F 2] in theorem ...\n\nNote: This linter can be disabled with `set_option linter.unusedSectionVars false`",
   "level": "warning"},
  {"message":
   "RequestProject/KasamiCharacters.lean:51:0: automatically included section variable(s) unused in theorem `kasamiChar_norm`:\n  [DecidableEq F]\n  [CharP F 2]\nconsider restructuring your `variable` declarations so that the variables are not in scope or explicitly omit them:\n  omit [DecidableEq F] [CharP F 2] in theorem ...\n\nNote: This linter can be disabled with `set_option linter.unusedSectionVars false`",
   "level": "warning"}],
 "inputs":
 [["RequestProject.KasamiCharacters:deps",
   [["deps",
     [["RequestProject/RequestProject:extraDep",
       [["@RequestProject:extraDep", "00000000000006bb"]]],
      ["imports",
       [["Mathlib transitive imports (legacy)", "6d3278f5bc74a2fe"],
        ["Mathlib:importAllArts", "8fc2a9ec06d95bdc"],
        ["RequestProject.KasamiDefs transitive imports (legacy)",
         "0402fd2b5053d281"],
        ["RequestProject.KasamiDefs:importAllArts", "fd1a881f1b12758e"]]]]],
    ["libs",
     [["import dynlibs", "00000000000006bb"],
      ["package external libraries", "00000000000006bb"],
      ["module dynlibs", "00000000000006bb"],
      ["module plugins", "00000000000006bb"]]]]],
  ["Lean 4.28.0, commit 7e01a1bf5c70fc6167d49c345d3bf80596e9a79b",
   "a96bc04a2e5e9630"],
  ["/mnt/raid/home/nagyg/MyLEAN/cautious-octo-barnacle/kasami-triple-count/RequestProject/KasamiCharacters.lean",
   "a607eab6497d9df7"],
  ["options", "00000000000006bb"],
  ["Module.leanArgs: #[]", "00000000000006bb"]],
 "depHash": "1b62f5fabf4be15f"}