{"synthetic": false,
 "schemaVersion": "2025-09-10",
 "outputs":
 {"o": ["7824c934e7235444.olean"],
  "i": "9719cc5f247a8be4.ilean",
  "c": "0e9286f16137cb0b.c"},
 "log":
 [{"message":
   ".> LEAN_PATH=/mnt/raid/home/nagyg/MyLEAN/cautious-octo-barnacle/kasami-triple-count/.lake/packages/Cli/.lake/build/lib/lean:/mnt/raid/home/nagyg/MyLEAN/cautious-octo-barnacle/kasami-triple-count/.lake/packages/batteries/.lake/build/lib/lean:/mnt/raid/home/nagyg/MyLEAN/cautious-octo-barnacle/kasami-triple-count/.lake/packages/Qq/.lake/build/lib/lean:/mnt/raid/home/nagyg/MyLEAN/cautious-octo-barnacle/kasami-triple-count/.lake/packages/aesop/.lake/build/lib/lean:/mnt/raid/home/nagyg/MyLEAN/cautious-octo-barnacle/kasami-triple-count/.lake/packages/proofwidgets/.lake/build/lib/lean:/mnt/raid/home/nagyg/MyLEAN/cautious-octo-barnacle/kasami-triple-count/.lake/packages/importGraph/.lake/build/lib/lean:/mnt/raid/home/nagyg/MyLEAN/cautious-octo-barnacle/kasami-triple-count/.lake/packages/LeanSearchClient/.lake/build/lib/lean:/mnt/raid/home/nagyg/MyLEAN/cautious-octo-barnacle/kasami-triple-count/.lake/packages/plausible/.lake/build/lib/lean:/mnt/raid/home/nagyg/MyLEAN/cautious-octo-barnacle/kasami-triple-count/.lake/packages/mathlib/.lake/build/lib/lean:/mnt/raid/home/nagyg/MyLEAN/cautious-octo-barnacle/kasami-triple-count/.lake/build/lib/lean /mnt/raid/home/nagyg/.elan/toolchains/leanprover--lean4---v4.28.0/bin/lean /mnt/raid/home/nagyg/MyLEAN/cautious-octo-barnacle/kasami-triple-count/RequestProject/KasamiDefs.lean -o /mnt/raid/home/nagyg/MyLEAN/cautious-octo-barnacle/kasami-triple-count/.lake/build/lib/lean/RequestProject/KasamiDefs.olean -i /mnt/raid/home/nagyg/MyLEAN/cautious-octo-barnacle/kasami-triple-count/.lake/build/lib/lean/RequestProject/KasamiDefs.ilean -c /mnt/raid/home/nagyg/MyLEAN/cautious-octo-barnacle/kasami-triple-count/.lake/build/ir/RequestProject/KasamiDefs.c --setup /mnt/raid/home/nagyg/MyLEAN/cautious-octo-barnacle/kasami-triple-count/.lake/build/ir/RequestProject/KasamiDefs.setup.json --json",
   "level": "trace"}],
 "inputs":
 [["RequestProject.KasamiDefs:deps",
   [["deps",
     [["RequestProject/RequestProject:extraDep",
       [["@RequestProject:extraDep", "00000000000006bb"]]],
      ["imports",
       [["Mathlib transitive imports (legacy)", "6d3278f5bc74a2fe"],
        ["Mathlib:importAllArts", "8fc2a9ec06d95bdc"]]]]],
    ["libs",
     [["import dynlibs", "00000000000006bb"],
      ["package external libraries", "00000000000006bb"],
      ["module dynlibs", "00000000000006bb"],
      ["module plugins", "00000000000006bb"]]]]],
  ["Lean 4.28.0, commit 7e01a1bf5c70fc6167d49c345d3bf80596e9a79b",
   "a96bc04a2e5e9630"],
  ["/mnt/raid/home/nagyg/MyLEAN/cautious-octo-barnacle/kasami-triple-count/RequestProject/KasamiDefs.lean",
   "c6867a25a3f5ce1c"],
  ["options", "00000000000006bb"],
  ["Module.leanArgs: #[]", "00000000000006bb"]],
 "depHash": "b7422b57605a9f31"}