{"synthetic": false,
 "schemaVersion": "2025-09-10",
 "outputs":
 {"o": ["3c7a87038f52c18c.olean"],
  "i": "77b35bb55465d56f.ilean",
  "c": "2923ae2baec8d9ee.c"},
 "log":
 [{"message":
   ".> LEAN_PATH=/mnt/raid/home/nagyg/MyLEAN/cautious-octo-barnacle/.lake/packages/Cli/.lake/build/lib/lean:/mnt/raid/home/nagyg/MyLEAN/cautious-octo-barnacle/.lake/packages/batteries/.lake/build/lib/lean:/mnt/raid/home/nagyg/MyLEAN/cautious-octo-barnacle/.lake/packages/Qq/.lake/build/lib/lean:/mnt/raid/home/nagyg/MyLEAN/cautious-octo-barnacle/.lake/packages/aesop/.lake/build/lib/lean:/mnt/raid/home/nagyg/MyLEAN/cautious-octo-barnacle/.lake/packages/proofwidgets/.lake/build/lib/lean:/mnt/raid/home/nagyg/MyLEAN/cautious-octo-barnacle/.lake/packages/importGraph/.lake/build/lib/lean:/mnt/raid/home/nagyg/MyLEAN/cautious-octo-barnacle/.lake/packages/LeanSearchClient/.lake/build/lib/lean:/mnt/raid/home/nagyg/MyLEAN/cautious-octo-barnacle/.lake/packages/plausible/.lake/build/lib/lean:/mnt/raid/home/nagyg/MyLEAN/cautious-octo-barnacle/.lake/packages/mathlib/.lake/build/lib/lean:/mnt/raid/home/nagyg/MyLEAN/cautious-octo-barnacle/.lake/build/lib/lean /mnt/raid/home/nagyg/.elan/toolchains/leanprover--lean4---v4.28.0/bin/lean /mnt/raid/home/nagyg/MyLEAN/cautious-octo-barnacle/conjectures-mtuple-triple_count/RequestProject/MTuple/Count.lean -o /mnt/raid/home/nagyg/MyLEAN/cautious-octo-barnacle/.lake/build/lib/lean/RequestProject/MTuple/Count.olean -i /mnt/raid/home/nagyg/MyLEAN/cautious-octo-barnacle/.lake/build/lib/lean/RequestProject/MTuple/Count.ilean -c /mnt/raid/home/nagyg/MyLEAN/cautious-octo-barnacle/.lake/build/ir/RequestProject/MTuple/Count.c --setup /mnt/raid/home/nagyg/MyLEAN/cautious-octo-barnacle/.lake/build/ir/RequestProject/MTuple/Count.setup.json --json",
   "level": "trace"}],
 "inputs":
 [["RequestProject.MTuple.Count:deps",
   [["deps",
     [["RequestProject/ConjecturesMTupleTripleCount:extraDep",
       [["@RequestProject:extraDep", "00000000000006bb"]]],
      ["imports",
       [["Mathlib transitive imports (legacy)", "8fd896a9b3011bd6"],
        ["Mathlib:importAllArts", "8fc2a9ec06d95bdc"],
        ["RequestProject.Walsh.Moments transitive imports (legacy)",
         "a47864084c90a7f0"],
        ["RequestProject.Walsh.Moments:importAllArts", "c8f9f89a6ea5ff81"]]]]],
    ["libs",
     [["import dynlibs", "00000000000006bb"],
      ["package external libraries", "00000000000006bb"],
      ["module dynlibs", "00000000000006bb"],
      ["module plugins", "00000000000006bb"]]]]],
  ["Lean 4.28.0, commit 7e01a1bf5c70fc6167d49c345d3bf80596e9a79b",
   "a96bc04a2e5e9630"],
  ["/mnt/raid/home/nagyg/MyLEAN/cautious-octo-barnacle/conjectures-mtuple-triple_count/RequestProject/MTuple/Count.lean",
   "d35e7e9d0be42f0d"],
  ["options", "00000000000006bb"],
  ["Module.leanArgs: #[]", "00000000000006bb"]],
 "depHash": "993c59c4ff004349"}