{"synthetic": false,
 "schemaVersion": "2025-09-10",
 "outputs":
 {"o": ["3d4b49f238105510.olean"],
  "i": "b3dc75ca11ae4694.ilean",
  "c": "5a22b1202bb19b5b.c"},
 "log":
 [{"message":
   ".> LEAN_PATH=/mnt/raid/home/nagyg/MyLEAN/cautious-octo-barnacle/.lake/packages/Cli/.lake/build/lib/lean:/mnt/raid/home/nagyg/MyLEAN/cautious-octo-barnacle/.lake/packages/batteries/.lake/build/lib/lean:/mnt/raid/home/nagyg/MyLEAN/cautious-octo-barnacle/.lake/packages/Qq/.lake/build/lib/lean:/mnt/raid/home/nagyg/MyLEAN/cautious-octo-barnacle/.lake/packages/aesop/.lake/build/lib/lean:/mnt/raid/home/nagyg/MyLEAN/cautious-octo-barnacle/.lake/packages/proofwidgets/.lake/build/lib/lean:/mnt/raid/home/nagyg/MyLEAN/cautious-octo-barnacle/.lake/packages/importGraph/.lake/build/lib/lean:/mnt/raid/home/nagyg/MyLEAN/cautious-octo-barnacle/.lake/packages/LeanSearchClient/.lake/build/lib/lean:/mnt/raid/home/nagyg/MyLEAN/cautious-octo-barnacle/.lake/packages/plausible/.lake/build/lib/lean:/mnt/raid/home/nagyg/MyLEAN/cautious-octo-barnacle/.lake/packages/mathlib/.lake/build/lib/lean:/mnt/raid/home/nagyg/MyLEAN/cautious-octo-barnacle/.lake/build/lib/lean /mnt/raid/home/nagyg/.elan/toolchains/leanprover--lean4---v4.28.0/bin/lean /mnt/raid/home/nagyg/MyLEAN/cautious-octo-barnacle/conjectures-mtuple-triple_count/RequestProject/Foundations/ABSpectrum.lean -o /mnt/raid/home/nagyg/MyLEAN/cautious-octo-barnacle/.lake/build/lib/lean/RequestProject/Foundations/ABSpectrum.olean -i /mnt/raid/home/nagyg/MyLEAN/cautious-octo-barnacle/.lake/build/lib/lean/RequestProject/Foundations/ABSpectrum.ilean -c /mnt/raid/home/nagyg/MyLEAN/cautious-octo-barnacle/.lake/build/ir/RequestProject/Foundations/ABSpectrum.c --setup /mnt/raid/home/nagyg/MyLEAN/cautious-octo-barnacle/.lake/build/ir/RequestProject/Foundations/ABSpectrum.setup.json --json",
   "level": "trace"}],
 "inputs":
 [["RequestProject.Foundations.ABSpectrum:deps",
   [["deps",
     [["RequestProject/ConjecturesMTupleTripleCount:extraDep",
       [["@RequestProject:extraDep", "00000000000006bb"]]],
      ["imports",
       [["RequestProject.Foundations.WalshTransform transitive imports (legacy)",
         "148cbb284278e0ca"],
        ["RequestProject.Foundations.WalshTransform:importAllArts",
         "029e7548c3d72e89"],
        ["RequestProject.Foundations.ValueDistribution transitive imports (legacy)",
         "12c1ba7185138d42"],
        ["RequestProject.Foundations.ValueDistribution:importAllArts",
         "aff3371d509f6ee2"]]]]],
    ["libs",
     [["import dynlibs", "00000000000006bb"],
      ["package external libraries", "00000000000006bb"],
      ["module dynlibs", "00000000000006bb"],
      ["module plugins", "00000000000006bb"]]]]],
  ["Lean 4.28.0, commit 7e01a1bf5c70fc6167d49c345d3bf80596e9a79b",
   "a96bc04a2e5e9630"],
  ["/mnt/raid/home/nagyg/MyLEAN/cautious-octo-barnacle/conjectures-mtuple-triple_count/RequestProject/Foundations/ABSpectrum.lean",
   "f0aa3689cffd029f"],
  ["options", "00000000000006bb"],
  ["Module.leanArgs: #[]", "00000000000006bb"]],
 "depHash": "f022cb0c8bc83ad1"}