{"synthetic": false,
 "schemaVersion": "2025-09-10",
 "outputs":
 {"o": ["193dc4475fa43719.olean"],
  "i": "038e91a1af48ac9c.ilean",
  "c": "6f895846458da3d8.c"},
 "log":
 [{"message":
   ".> LEAN_PATH=/mnt/raid/home/nagyg/MyLEAN/cautious-octo-barnacle/.lake/packages/Cli/.lake/build/lib/lean:/mnt/raid/home/nagyg/MyLEAN/cautious-octo-barnacle/.lake/packages/batteries/.lake/build/lib/lean:/mnt/raid/home/nagyg/MyLEAN/cautious-octo-barnacle/.lake/packages/Qq/.lake/build/lib/lean:/mnt/raid/home/nagyg/MyLEAN/cautious-octo-barnacle/.lake/packages/aesop/.lake/build/lib/lean:/mnt/raid/home/nagyg/MyLEAN/cautious-octo-barnacle/.lake/packages/proofwidgets/.lake/build/lib/lean:/mnt/raid/home/nagyg/MyLEAN/cautious-octo-barnacle/.lake/packages/importGraph/.lake/build/lib/lean:/mnt/raid/home/nagyg/MyLEAN/cautious-octo-barnacle/.lake/packages/LeanSearchClient/.lake/build/lib/lean:/mnt/raid/home/nagyg/MyLEAN/cautious-octo-barnacle/.lake/packages/plausible/.lake/build/lib/lean:/mnt/raid/home/nagyg/MyLEAN/cautious-octo-barnacle/.lake/packages/mathlib/.lake/build/lib/lean:/mnt/raid/home/nagyg/MyLEAN/cautious-octo-barnacle/.lake/build/lib/lean /mnt/raid/home/nagyg/.elan/toolchains/leanprover--lean4---v4.28.0/bin/lean /mnt/raid/home/nagyg/MyLEAN/cautious-octo-barnacle/conjectures-mtuple-triple_count/RequestProject/Foundations/Fourier.lean -o /mnt/raid/home/nagyg/MyLEAN/cautious-octo-barnacle/.lake/build/lib/lean/RequestProject/Foundations/Fourier.olean -i /mnt/raid/home/nagyg/MyLEAN/cautious-octo-barnacle/.lake/build/lib/lean/RequestProject/Foundations/Fourier.ilean -c /mnt/raid/home/nagyg/MyLEAN/cautious-octo-barnacle/.lake/build/ir/RequestProject/Foundations/Fourier.c --setup /mnt/raid/home/nagyg/MyLEAN/cautious-octo-barnacle/.lake/build/ir/RequestProject/Foundations/Fourier.setup.json --json",
   "level": "trace"},
  {"message":
   "conjectures-mtuple-triple_count/RequestProject/Foundations/Fourier.lean:104:69: This simp argument is unused:\n  mul_left_comm\n\nHint: Omit it from the simp argument list.\n  simp +decide [̵ ̵h̵_̵o̵r̵t̵h̵o̵,̵[̲h̲_̲o̲r̲t̲h̲o̲,̲ Finset.mul_sum _ _ _, mul_assoc, m̵u̵l̵_̵c̵o̵m̵m̵,̵ ̵m̵u̵l̵_̵l̵e̵f̵t̵_̵c̵o̵m̵m̵ ̵]̵m̲u̲l̲_̲c̲o̲m̲m̲]̲\n\nNote: This linter can be disabled with `set_option linter.unusedSimpArgs false`",
   "level": "warning"},
  {"message":
   "conjectures-mtuple-triple_count/RequestProject/Foundations/Fourier.lean:118:0: automatically included section variable(s) unused in theorem `Vanish.Foundations.fourierTransform_wienerKhinchin`:\n  [DecidableEq R]\nconsider restructuring your `variable` declarations so that the variables are not in scope or explicitly omit them:\n  omit [DecidableEq R] in theorem ...\n\nNote: This linter can be disabled with `set_option linter.unusedSectionVars false`",
   "level": "warning"},
  {"message":
   "conjectures-mtuple-triple_count/RequestProject/Foundations/Fourier.lean:127:28: This simp argument is unused:\n  AddChar.map_sub_eq_div\n\nHint: Omit it from the simp argument list.\n  simp +decide [̵ ̵m̵u̵l̵_̵s̵u̵b̵,̵ ̵A̵d̵d̵C̵h̵a̵r̵.̵m̵a̵p̵_̵s̵u̵b̵_̵e̵q̵_̵d̵i̵v̵ ̵]̵[̲m̲u̲l̲_̲s̲u̲b̲]̲\n\nNote: This linter can be disabled with `set_option linter.unusedSimpArgs false`",
   "level": "warning"}],
 "inputs":
 [["RequestProject.Foundations.Fourier:deps",
   [["deps",
     [["RequestProject/ConjecturesMTupleTripleCount:extraDep",
       [["@RequestProject:extraDep", "00000000000006bb"]]],
      ["imports",
       [["RequestProject.Foundations.AddCharCount transitive imports (legacy)",
         "12c1ba7185138d42"],
        ["RequestProject.Foundations.AddCharCount:importAllArts",
         "cc3e5925815cc8f7"]]]]],
    ["libs",
     [["import dynlibs", "00000000000006bb"],
      ["package external libraries", "00000000000006bb"],
      ["module dynlibs", "00000000000006bb"],
      ["module plugins", "00000000000006bb"]]]]],
  ["Lean 4.28.0, commit 7e01a1bf5c70fc6167d49c345d3bf80596e9a79b",
   "a96bc04a2e5e9630"],
  ["/mnt/raid/home/nagyg/MyLEAN/cautious-octo-barnacle/conjectures-mtuple-triple_count/RequestProject/Foundations/Fourier.lean",
   "8a272bf7b385653f"],
  ["options", "00000000000006bb"],
  ["Module.leanArgs: #[]", "00000000000006bb"]],
 "depHash": "5295c9e930d401df"}