{"synthetic": false,
 "schemaVersion": "2025-09-10",
 "outputs":
 {"o": ["a4076e8946606df2.olean"],
  "i": "b472d391a6d81c11.ilean",
  "c": "93adfacb83e07871.c"},
 "log":
 [{"message":
   ".> LEAN_PATH=/mnt/raid/home/nagyg/MyLEAN/cautious-octo-barnacle/.lake/packages/Cli/.lake/build/lib/lean:/mnt/raid/home/nagyg/MyLEAN/cautious-octo-barnacle/.lake/packages/batteries/.lake/build/lib/lean:/mnt/raid/home/nagyg/MyLEAN/cautious-octo-barnacle/.lake/packages/Qq/.lake/build/lib/lean:/mnt/raid/home/nagyg/MyLEAN/cautious-octo-barnacle/.lake/packages/aesop/.lake/build/lib/lean:/mnt/raid/home/nagyg/MyLEAN/cautious-octo-barnacle/.lake/packages/proofwidgets/.lake/build/lib/lean:/mnt/raid/home/nagyg/MyLEAN/cautious-octo-barnacle/.lake/packages/importGraph/.lake/build/lib/lean:/mnt/raid/home/nagyg/MyLEAN/cautious-octo-barnacle/.lake/packages/LeanSearchClient/.lake/build/lib/lean:/mnt/raid/home/nagyg/MyLEAN/cautious-octo-barnacle/.lake/packages/plausible/.lake/build/lib/lean:/mnt/raid/home/nagyg/MyLEAN/cautious-octo-barnacle/.lake/packages/mathlib/.lake/build/lib/lean:/mnt/raid/home/nagyg/MyLEAN/cautious-octo-barnacle/.lake/build/lib/lean /mnt/raid/home/nagyg/.elan/toolchains/leanprover--lean4---v4.28.0/bin/lean /mnt/raid/home/nagyg/MyLEAN/cautious-octo-barnacle/conjectures-mtuple-triple_count/RequestProject/Foundations/QuadraticGaussSum.lean -o /mnt/raid/home/nagyg/MyLEAN/cautious-octo-barnacle/.lake/build/lib/lean/RequestProject/Foundations/QuadraticGaussSum.olean -i /mnt/raid/home/nagyg/MyLEAN/cautious-octo-barnacle/.lake/build/lib/lean/RequestProject/Foundations/QuadraticGaussSum.ilean -c /mnt/raid/home/nagyg/MyLEAN/cautious-octo-barnacle/.lake/build/ir/RequestProject/Foundations/QuadraticGaussSum.c --setup /mnt/raid/home/nagyg/MyLEAN/cautious-octo-barnacle/.lake/build/ir/RequestProject/Foundations/QuadraticGaussSum.setup.json --json",
   "level": "trace"}],
 "inputs":
 [["RequestProject.Foundations.QuadraticGaussSum:deps",
   [["deps",
     [["RequestProject/ConjecturesMTupleTripleCount:extraDep",
       [["@RequestProject:extraDep", "00000000000006bb"]]],
      ["imports",
       [["Mathlib transitive imports (legacy)", "8fd896a9b3011bd6"],
        ["Mathlib:importAllArts", "8fc2a9ec06d95bdc"],
        ["RequestProject.Walsh.Transform transitive imports (legacy)",
         "4bae8209aae32bfa"],
        ["RequestProject.Walsh.Transform:importAllArts",
         "9bb10f196ddda306"]]]]],
    ["libs",
     [["import dynlibs", "00000000000006bb"],
      ["package external libraries", "00000000000006bb"],
      ["module dynlibs", "00000000000006bb"],
      ["module plugins", "00000000000006bb"]]]]],
  ["Lean 4.28.0, commit 7e01a1bf5c70fc6167d49c345d3bf80596e9a79b",
   "a96bc04a2e5e9630"],
  ["/mnt/raid/home/nagyg/MyLEAN/cautious-octo-barnacle/conjectures-mtuple-triple_count/RequestProject/Foundations/QuadraticGaussSum.lean",
   "8e4e9642c7723662"],
  ["options", "00000000000006bb"],
  ["Module.leanArgs: #[]", "00000000000006bb"]],
 "depHash": "a6c82b3f26c0808b"}