{"synthetic": false,
 "schemaVersion": "2025-09-10",
 "outputs":
 {"o": ["f56fd624bc354a31.olean"],
  "i": "04b133c8fabc6473.ilean",
  "c": "047717025e3ed299.c"},
 "log":
 [{"message":
   ".> LEAN_PATH=/mnt/raid/home/nagyg/MyLEAN/cautious-octo-barnacle/.lake/packages/Cli/.lake/build/lib/lean:/mnt/raid/home/nagyg/MyLEAN/cautious-octo-barnacle/.lake/packages/batteries/.lake/build/lib/lean:/mnt/raid/home/nagyg/MyLEAN/cautious-octo-barnacle/.lake/packages/Qq/.lake/build/lib/lean:/mnt/raid/home/nagyg/MyLEAN/cautious-octo-barnacle/.lake/packages/aesop/.lake/build/lib/lean:/mnt/raid/home/nagyg/MyLEAN/cautious-octo-barnacle/.lake/packages/proofwidgets/.lake/build/lib/lean:/mnt/raid/home/nagyg/MyLEAN/cautious-octo-barnacle/.lake/packages/importGraph/.lake/build/lib/lean:/mnt/raid/home/nagyg/MyLEAN/cautious-octo-barnacle/.lake/packages/LeanSearchClient/.lake/build/lib/lean:/mnt/raid/home/nagyg/MyLEAN/cautious-octo-barnacle/.lake/packages/plausible/.lake/build/lib/lean:/mnt/raid/home/nagyg/MyLEAN/cautious-octo-barnacle/.lake/packages/mathlib/.lake/build/lib/lean:/mnt/raid/home/nagyg/MyLEAN/cautious-octo-barnacle/.lake/build/lib/lean /mnt/raid/home/nagyg/.elan/toolchains/leanprover--lean4---v4.28.0/bin/lean /mnt/raid/home/nagyg/MyLEAN/cautious-octo-barnacle/conjectures-mtuple-triple_count/RequestProject/Foundations/WalshTransform.lean -o /mnt/raid/home/nagyg/MyLEAN/cautious-octo-barnacle/.lake/build/lib/lean/RequestProject/Foundations/WalshTransform.olean -i /mnt/raid/home/nagyg/MyLEAN/cautious-octo-barnacle/.lake/build/lib/lean/RequestProject/Foundations/WalshTransform.ilean -c /mnt/raid/home/nagyg/MyLEAN/cautious-octo-barnacle/.lake/build/ir/RequestProject/Foundations/WalshTransform.c --setup /mnt/raid/home/nagyg/MyLEAN/cautious-octo-barnacle/.lake/build/ir/RequestProject/Foundations/WalshTransform.setup.json --json",
   "level": "trace"},
  {"message":
   "conjectures-mtuple-triple_count/RequestProject/Foundations/WalshTransform.lean:90:56: Try this:\n  [apply] ring_nf\n  \n  The `ring` tactic failed to close the goal. Use `ring_nf` to obtain a normal form.\n    \n  Note that `ring` works primarily in *commutative* rings. If you have a noncommutative ring, abelian group or module, consider using `noncomm_ring`, `abel` or `module` instead.",
   "level": "info"},
  {"message":
   "conjectures-mtuple-triple_count/RequestProject/Foundations/WalshTransform.lean:82:0: automatically included section variable(s) unused in theorem `Vanish.Foundations.vectorialWalsh_eq_fourierTransform`:\n  [DecidableEq F]\nconsider restructuring your `variable` declarations so that the variables are not in scope or explicitly omit them:\n  omit [DecidableEq F] in theorem ...\n\nNote: This linter can be disabled with `set_option linter.unusedSectionVars false`",
   "level": "warning"},
  {"message":
   "conjectures-mtuple-triple_count/RequestProject/Foundations/WalshTransform.lean:107:165: Try this:\n  [apply] ring_nf!\n  \n  The `ring!` tactic failed to close the goal. Use `ring_nf!` to obtain a normal form.\n    \n  Note that `ring!` works primarily in *commutative* rings. If you have a noncommutative ring, abelian group or module, consider using `noncomm_ring`, `abel` or `module` instead.",
   "level": "info"},
  {"message":
   "conjectures-mtuple-triple_count/RequestProject/Foundations/WalshTransform.lean:110:47: This simp argument is unused:\n  ← mul_assoc\n\nHint: Omit it from the simp argument list.\n  simp +decide [̵ ̵←̵ ̵m̵u̵l̵_̵a̵s̵s̵o̵c̵,̵ ̵←̵[̲←̲ Finset.sum_mul, s̵q̵ ̵]̵s̲q̲]̲\n\nNote: Simp arguments with `←` have the additional effect of removing the other direction from the simp set, even if the simp argument itself is unused. If the hint above does not work, try replacing `←` with `-` to only get that effect and silence this warning.\n\nNote: This linter can be disabled with `set_option linter.unusedSimpArgs false`",
   "level": "warning"},
  {"message":
   "conjectures-mtuple-triple_count/RequestProject/Foundations/WalshTransform.lean:110:60: This simp argument is unused:\n  ← Finset.sum_mul\n\nHint: Omit it from the simp argument list.\n  simp +decide [̵ ̵←̵[̲←̲ mul_assoc, ←̵ ̵F̵i̵n̵s̵e̵t̵.̵s̵u̵m̵_̵m̵u̵l̵,̵ ̵s̵q̵ ̵]̵s̲q̲]̲\n\nNote: Simp arguments with `←` have the additional effect of removing the other direction from the simp set, even if the simp argument itself is unused. If the hint above does not work, try replacing `←` with `-` to only get that effect and silence this warning.\n\nNote: This linter can be disabled with `set_option linter.unusedSimpArgs false`",
   "level": "warning"}],
 "inputs":
 [["RequestProject.Foundations.WalshTransform:deps",
   [["deps",
     [["RequestProject/ConjecturesMTupleTripleCount:extraDep",
       [["@RequestProject:extraDep", "00000000000006bb"]]],
      ["imports",
       [["RequestProject.Foundations.ChiBridge transitive imports (legacy)",
         "4acfce0ce8768a38"],
        ["RequestProject.Foundations.ChiBridge:importAllArts",
         "3744649d1f328602"],
        ["RequestProject.Foundations.Fourier transitive imports (legacy)",
         "8ad6d195949188bf"],
        ["RequestProject.Foundations.Fourier:importAllArts",
         "4d620d6d4f19a778"]]]]],
    ["libs",
     [["import dynlibs", "00000000000006bb"],
      ["package external libraries", "00000000000006bb"],
      ["module dynlibs", "00000000000006bb"],
      ["module plugins", "00000000000006bb"]]]]],
  ["Lean 4.28.0, commit 7e01a1bf5c70fc6167d49c345d3bf80596e9a79b",
   "a96bc04a2e5e9630"],
  ["/mnt/raid/home/nagyg/MyLEAN/cautious-octo-barnacle/conjectures-mtuple-triple_count/RequestProject/Foundations/WalshTransform.lean",
   "85afeeaff258f69b"],
  ["options", "00000000000006bb"],
  ["Module.leanArgs: #[]", "00000000000006bb"]],
 "depHash": "3545f09b149fab0f"}